#
# A fatal error has been detected by the Java Runtime Environment:
#
#  EXCEPTION_ACCESS_VIOLATION (0xc0000005) at pc=0x00007ffba52ff932, pid=13716, tid=9872
#
# JRE version: OpenJDK Runtime Environment AdoptOpenJDK (15.0+36) (build 15+36)
# Java VM: OpenJDK 64-Bit Server VM AdoptOpenJDK (15+36, mixed mode, sharing, tiered, compressed oops, g1 gc, windows-amd64)
# Problematic frame:
# C  [awt.dll+0x8f932]
#
# No core dump will be written. Minidumps are not enabled by default on client versions of Windows
#
# If you would like to submit a bug report, please visit:
#   https://github.com/AdoptOpenJDK/openjdk-support/issues
# The crash happened outside the Java Virtual Machine in native code.
# See problematic frame for where to report the bug.
#

---------------  S U M M A R Y ------------

Command Line: -Dfile.encoding=UTF-8 -XX:+ShowCodeDetailsInExceptionMessages Clock

Host: Intel(R) Core(TM) i5-8250U CPU @ 1.60GHz, 8 cores, 7G,  Windows 10 , 64 bit Build 19041 (10.0.19041.662)
Time: Mon Dec 28 13:25:23 2020 ìåãû (ïWèÄéû) elapsed time: 0.842363 seconds (0d 0h 0m 0s)

---------------  T H R E A D  ---------------

Current thread (0x000001baa8d47f80):  JavaThread "main" [_thread_in_native, id=9872, stack(0x0000001c39100000,0x0000001c39200000)]

Stack: [0x0000001c39100000,0x0000001c39200000],  sp=0x0000001c391fe9c0,  free space=1018k
Native frames: (J=compiled Java code, j=interpreted, Vv=VM code, C=native code)
C  [awt.dll+0x8f932]

Java frames: (J=compiled Java code, j=interpreted, Vv=VM code)
j  sun.awt.windows.WComponentPeer._setFont(Ljava/awt/Font;)V+0 java.desktop@15
j  sun.awt.windows.WComponentPeer.setFont(Ljava/awt/Font;)V+7 java.desktop@15
j  sun.awt.windows.WWindowPeer.initialize()V+42 java.desktop@15
j  sun.awt.windows.WFramePeer.initialize()V+1 java.desktop@15
j  sun.awt.windows.WComponentPeer.<init>(Ljava/awt/Component;)V+83 java.desktop@15
j  sun.awt.windows.WCanvasPeer.<init>(Ljava/awt/Component;)V+2 java.desktop@15
j  sun.awt.windows.WPanelPeer.<init>(Ljava/awt/Component;)V+2 java.desktop@15
j  sun.awt.windows.WWindowPeer.<init>(Ljava/awt/Window;)V+2 java.desktop@15
j  sun.awt.windows.WFramePeer.<init>(Ljava/awt/Frame;)V+2 java.desktop@15
j  sun.awt.windows.WToolkit.createFrame(Ljava/awt/Frame;)Ljava/awt/peer/FramePeer;+5 java.desktop@15
j  java.awt.Frame.addNotify()V+20 java.desktop@15
j  java.awt.Window.pack()V+28 java.desktop@15
j  Clock.<init>()V+37
j  Clock.main([Ljava/lang/String;)V+20
v  ~StubRoutines::call_stub

siginfo: EXCEPTION_ACCESS_VIOLATION (0xc0000005), reading address 0x0000000000000058


Register to memory mapping:

RIP=0x00007ffba52ff932 awt.dll
RAX=0x00007ffba537b6c0 awt.dll
RBX=0x000001baa8d482a8 points into unknown readable memory: 0x00007ffb885bafb0 | b0 af 5b 88 fb 7f 00 00
RCX=0x000001bac9301150 points into unknown readable memory: 0x00007ffba537b6c0 | c0 b6 37 a5 fb 7f 00 00
RDX=0x0 is NULL
RSP=0x0000001c391fe9c0 is pointing into the stack for thread: 0x000001baa8d47f80
RBP=0x0 is NULL
RSI=0x000001bac88104d0 is a global jni handle
RDI=0x000001bac88104d8 is a global jni handle
R8 =0x0000000000000042 is an unknown value
R9 =0x0000000800b6f750 is a pointer to class: 
java.awt.Font {0x0000000800b6f758}
R10=0x0000000000008000 is an unknown value
R11=0x0000001c391fe9c0 is pointing into the stack for thread: 0x000001baa8d47f80
R12=0x0 is NULL
R13={method} {0x000001bac7cf0270} '_setFont' '(Ljava/awt/Font;)V' in 'sun/awt/windows/WComponentPeer'
R14=0x000001bac9301150 points into unknown readable memory: 0x00007ffba537b6c0 | c0 b6 37 a5 fb 7f 00 00
R15=0x000001bac93736d0 points into unknown readable memory: 0x000001bac88104d0 | d0 04 81 c8 ba 01 00 00


Registers:
RAX=0x00007ffba537b6c0, RBX=0x000001baa8d482a8, RCX=0x000001bac9301150, RDX=0x0000000000000000
RSP=0x0000001c391fe9c0, RBP=0x0000000000000000, RSI=0x000001bac88104d0, RDI=0x000001bac88104d8
R8 =0x0000000000000042, R9 =0x0000000800b6f750, R10=0x0000000000008000, R11=0x0000001c391fe9c0
R12=0x0000000000000000, R13=0x000001bac7cf0268, R14=0x000001bac9301150, R15=0x000001bac93736d0
RIP=0x00007ffba52ff932, EFLAGS=0x0000000000010206

Top of Stack: (sp=0x0000001c391fe9c0)
0x0000001c391fe9c0:   000001bac93736d0 000001bac9301150
0x0000001c391fe9d0:   000001bac93736d0 000001bac9301150
0x0000001c391fe9e0:   000001bac88104d8 00007ffba5304851
0x0000001c391fe9f0:   000001baa8d482a8 000001baa8d482a8
0x0000001c391fea00:   0000000000000000 000001bac88104d0
0x0000001c391fea10:   000001baa8d47f80 0000001c391feb60
0x0000001c391fea20:   000001bac93736d0 00007ffba533d80b
0x0000001c391fea30:   00007ffba53bfff8 0000001c391feb38
0x0000001c391fea40:   00007ffba5304724 0000000000000000
0x0000001c391fea50:   fffffffffffffffe fffffffffffffffe
0x0000001c391fea60:   000001bac88104d0 00007ffba5305a18
0x0000001c391fea70:   000001bac88104d8 0000001c391feb58
0x0000001c391fea80:   0000001c391feb58 00007ffba53bfff8
0x0000001c391fea90:   fffffffffffffffe 00007ffb8814a8b9
0x0000001c391feaa0:   000001bab126a1aa 000001bab126fd2c
0x0000001c391feab0:   000001bac7cf0268 0000000000000000 

Instructions: (pc=0x00007ffba52ff932)
0x00007ffba52ff832:   00 48 8b d9 e8 a5 dc ff ff 48 8b f8 48 85 c0 75
0x00007ffba52ff842:   04 48 8b 7b 48 48 8b cf e8 bb 17 05 00 48 8b d8
0x00007ffba52ff852:   48 85 c0 74 60 83 64 24 20 00 0f 57 c0 83 64 24
0x00007ffba52ff862:   34 00 b9 11 00 00 00 83 64 24 38 00 f3 0f 7f 44
0x00007ffba52ff872:   24 24 ff 15 8e ca 0b 00 4c 8d 44 24 40 ba 5c 00
0x00007ffba52ff882:   00 00 48 8b c8 ff 15 33 cd 0b 00 83 f8 5c 75 0d
0x00007ffba52ff892:   48 8d 54 24 40 48 8b cb e8 1a 18 05 00 48 8d 54
0x00007ffba52ff8a2:   24 20 48 8b cb e8 31 18 05 00 48 8b d3 48 8b cf
0x00007ffba52ff8b2:   e8 de 17 05 00 48 8b 8c 24 a0 00 00 00 48 33 cc
0x00007ffba52ff8c2:   e8 09 25 05 00 48 8b 9c 24 c8 00 00 00 48 81 c4
0x00007ffba52ff8d2:   b0 00 00 00 5f c3 40 53 48 83 ec 20 48 8b d9 ff
0x00007ffba52ff8e2:   15 71 d2 0b 00 48 85 c0 75 0a 48 8b 4b 48 ff 15
0x00007ffba52ff8f2:   5a d2 0b 00 48 83 c4 20 5b c3 4c 63 c2 48 8b 15
0x00007ffba52ff902:   42 b6 0b 00 48 ff 25 eb d0 0b 00 cc cc cc 48 8b
0x00007ffba52ff912:   d1 48 8b 0d 16 e6 0b 00 48 89 15 0f e6 0b 00 e9
0x00007ffba52ff922:   e2 64 04 00 cc cc 48 89 5c 24 08 57 48 83 ec 20
0x00007ffba52ff932:   83 7a 58 00 48 8b da 48 8b f9 7d 08 48 8b ca e8
0x00007ffba52ff942:   36 96 01 00 4c 8b 43 48 45 33 c9 48 8b 4f 48 4d
0x00007ffba52ff952:   8b 00 41 8d 51 30 ff 15 62 d3 0b 00 48 8b 4f 48
0x00007ffba52ff962:   33 d2 44 8d 42 01 48 8b 5c 24 30 48 83 c4 20 5f
0x00007ffba52ff972:   48 ff 25 ff d1 0b 00 cc cc cc 48 8b c4 48 89 58
0x00007ffba52ff982:   08 48 89 68 10 48 89 70 18 48 89 78 20 41 56 48
0x00007ffba52ff992:   83 ec 20 4c 8b f2 48 8b f9 48 8b 0d 56 04 0c 00
0x00007ffba52ff9a2:   ba 02 00 01 00 41 8b e8 e8 2c 23 05 00 48 8b 97
0x00007ffba52ff9b2:   c0 00 00 00 33 db 48 8b f0 48 85 d2 74 0d 4c 8b
0x00007ffba52ff9c2:   08 48 8b c8 41 ff 91 b0 00 00 00 4d 85 f6 74 14
0x00007ffba52ff9d2:   48 8b 06 49 8b d6 48 8b ce ff 90 a8 00 00 00 48
0x00007ffba52ff9e2:   8b d8 eb 05 bd 01 00 00 00 48 89 9f c0 00 00 00
0x00007ffba52ff9f2:   89 af c8 00 00 00 48 8b 5c 24 30 48 8b 6c 24 38
0x00007ffba52ffa02:   48 8b 74 24 40 48 8b 7c 24 48 48 83 c4 20 41 5e
0x00007ffba52ffa12:   c3 cc 48 89 5c 24 08 48 89 6c 24 10 48 89 74 24
0x00007ffba52ffa22:   18 57 48 83 ec 20 33 db 48 8b f9 48 85 c9 75 09 


Stack slot to memory mapping:
stack at sp + 0 slots: 0x000001bac93736d0 points into unknown readable memory: 0x000001bac88104d0 | d0 04 81 c8 ba 01 00 00
stack at sp + 1 slots: 0x000001bac9301150 points into unknown readable memory: 0x00007ffba537b6c0 | c0 b6 37 a5 fb 7f 00 00
stack at sp + 2 slots: 0x000001bac93736d0 points into unknown readable memory: 0x000001bac88104d0 | d0 04 81 c8 ba 01 00 00
stack at sp + 3 slots: 0x000001bac9301150 points into unknown readable memory: 0x00007ffba537b6c0 | c0 b6 37 a5 fb 7f 00 00
stack at sp + 4 slots: 0x000001bac88104d8 is a global jni handle
stack at sp + 5 slots: 0x00007ffba5304851 awt.dll
stack at sp + 6 slots: 0x000001baa8d482a8 points into unknown readable memory: 0x00007ffb885bafb0 | b0 af 5b 88 fb 7f 00 00
stack at sp + 7 slots: 0x000001baa8d482a8 points into unknown readable memory: 0x00007ffb885bafb0 | b0 af 5b 88 fb 7f 00 00


---------------  P R O C E S S  ---------------

Threads class SMR info:
_java_thread_list=0x000001bac9337bd0, length=15, elements={
0x000001baa8d47f80, 0x000001bac7b29fd0, 0x000001bac7b32b00, 0x000001bac7b419b0,
0x000001bac7b44280, 0x000001bac7b44b40, 0x000001bac7b48750, 0x000001bac7b5c840,
0x000001bac7b6d900, 0x000001bac8523b40, 0x000001bac8528830, 0x000001bac876b070,
0x000001bac87a6ae0, 0x000001bac87b3cf0, 0x000001bac9338b00
}

Java Threads: ( => current thread )
=>0x000001baa8d47f80 JavaThread "main" [_thread_in_native, id=9872, stack(0x0000001c39100000,0x0000001c39200000)]
  0x000001bac7b29fd0 JavaThread "Reference Handler" daemon [_thread_blocked, id=13420, stack(0x0000001c39800000,0x0000001c39900000)]
  0x000001bac7b32b00 JavaThread "Finalizer" daemon [_thread_blocked, id=11284, stack(0x0000001c39900000,0x0000001c39a00000)]
  0x000001bac7b419b0 JavaThread "Signal Dispatcher" daemon [_thread_blocked, id=21656, stack(0x0000001c39a00000,0x0000001c39b00000)]
  0x000001bac7b44280 JavaThread "Attach Listener" daemon [_thread_blocked, id=1932, stack(0x0000001c39b00000,0x0000001c39c00000)]
  0x000001bac7b44b40 JavaThread "Service Thread" daemon [_thread_blocked, id=2428, stack(0x0000001c39c00000,0x0000001c39d00000)]
  0x000001bac7b48750 JavaThread "C2 CompilerThread0" daemon [_thread_blocked, id=14172, stack(0x0000001c39d00000,0x0000001c39e00000)]
  0x000001bac7b5c840 JavaThread "C1 CompilerThread0" daemon [_thread_blocked, id=9784, stack(0x0000001c39e00000,0x0000001c39f00000)]
  0x000001bac7b6d900 JavaThread "Sweeper thread" daemon [_thread_blocked, id=10280, stack(0x0000001c39f00000,0x0000001c3a000000)]
  0x000001bac8523b40 JavaThread "Notification Thread" daemon [_thread_blocked, id=14440, stack(0x0000001c3a000000,0x0000001c3a100000)]
  0x000001bac8528830 JavaThread "Common-Cleaner" daemon [_thread_blocked, id=7960, stack(0x0000001c3a200000,0x0000001c3a300000)]
  0x000001bac876b070 JavaThread "Java2D Disposer" daemon [_thread_blocked, id=2952, stack(0x0000001c3a300000,0x0000001c3a400000)]
  0x000001bac87a6ae0 JavaThread "AWT-Shutdown" [_thread_blocked, id=4728, stack(0x0000001c3a400000,0x0000001c3a500000)]
  0x000001bac87b3cf0 JavaThread "AWT-Windows" daemon [_thread_in_native, id=14444, stack(0x0000001c3a500000,0x0000001c3a600000)]
  0x000001bac9338b00 JavaThread "AWT-EventQueue-0" [_thread_blocked, id=18112, stack(0x0000001c3a600000,0x0000001c3a700000)]

Other Threads:
  0x000001bac7b26830 VMThread "VM Thread" [stack: 0x0000001c39700000,0x0000001c39800000] [id=23944]
  0x000001bac85350f0 WatcherThread [stack: 0x0000001c3a100000,0x0000001c3a200000] [id=19364]
  0x000001baa8d8aff0 GCTaskThread "GC Thread#0" [stack: 0x0000001c39200000,0x0000001c39300000] [id=8384]
  0x000001baa8d9d7e0 ConcurrentGCThread "G1 Main Marker" [stack: 0x0000001c39300000,0x0000001c39400000] [id=13256]
  0x000001baa8d9e360 ConcurrentGCThread "G1 Conc#0" [stack: 0x0000001c39400000,0x0000001c39500000] [id=16836]
  0x000001baa8e2cfa0 ConcurrentGCThread "G1 Refine#0" [stack: 0x0000001c39500000,0x0000001c39600000] [id=580]
  0x000001baa8e2dab0 ConcurrentGCThread "G1 Young RemSet Sampling" [stack: 0x0000001c39600000,0x0000001c39700000] [id=24540]

Threads with active compile tasks:

VM state: not at safepoint (normal execution)

VM Mutex/Monitor currently owned by a thread: None

Heap address: 0x0000000081200000, size: 2030 MB, Compressed Oops mode: 32-bit
CDS archive(s) mapped at: [0x0000000800000000-0x0000000800b50000-0x0000000800b50000), size 11862016, SharedBaseAddress: 0x0000000800000000, ArchiveRelocationMode: 0.
Compressed class space mapped at: 0x0000000800b50000-0x0000000840b50000, size: 1073741824
Narrow klass base: 0x0000000800000000, Narrow klass shift: 3, Narrow klass range: 0x100000000

GC Precious Log:
 CPUs: 8 total, 8 available
 Memory: 8118M
 Large Page Support: Disabled
 NUMA Support: Disabled
 Compressed Oops: Enabled (32-bit)
 Heap Region Size: 1M
 Heap Min Capacity: 8M
 Heap Initial Capacity: 128M
 Heap Max Capacity: 2030M
 Pre-touch: Disabled
 Parallel Workers: 8
 Concurrent Workers: 2
 Concurrent Refinement Workers: 8
 Periodic GC: Disabled

Heap:
 garbage-first heap   total 131072K, used 6144K [0x0000000081200000, 0x0000000100000000)
  region size 1024K, 7 young (7168K), 0 survivors (0K)
 Metaspace       used 5541K, capacity 5714K, committed 5760K, reserved 1056768K
  class space    used 589K, capacity 640K, committed 640K, reserved 1048576K

Heap Regions: E=young(eden), S=young(survivor), O=old, HS=humongous(starts), HC=humongous(continues), CS=collection set, F=free, OA=open archive, CA=closed archive, TAMS=top-at-mark-start (previous, next)
|   0|0x0000000081200000, 0x0000000081200000, 0x0000000081300000|  0%| F|  |TAMS 0x0000000081200000, 0x0000000081200000| Untracked 
|   1|0x0000000081300000, 0x0000000081300000, 0x0000000081400000|  0%| F|  |TAMS 0x0000000081300000, 0x0000000081300000| Untracked 
|   2|0x0000000081400000, 0x0000000081400000, 0x0000000081500000|  0%| F|  |TAMS 0x0000000081400000, 0x0000000081400000| Untracked 
|   3|0x0000000081500000, 0x0000000081500000, 0x0000000081600000|  0%| F|  |TAMS 0x0000000081500000, 0x0000000081500000| Untracked 
|   4|0x0000000081600000, 0x0000000081600000, 0x0000000081700000|  0%| F|  |TAMS 0x0000000081600000, 0x0000000081600000| Untracked 
|   5|0x0000000081700000, 0x0000000081700000, 0x0000000081800000|  0%| F|  |TAMS 0x0000000081700000, 0x0000000081700000| Untracked 
|   6|0x0000000081800000, 0x0000000081800000, 0x0000000081900000|  0%| F|  |TAMS 0x0000000081800000, 0x0000000081800000| Untracked 
|   7|0x0000000081900000, 0x0000000081900000, 0x0000000081a00000|  0%| F|  |TAMS 0x0000000081900000, 0x0000000081900000| Untracked 
|   8|0x0000000081a00000, 0x0000000081a00000, 0x0000000081b00000|  0%| F|  |TAMS 0x0000000081a00000, 0x0000000081a00000| Untracked 
|   9|0x0000000081b00000, 0x0000000081b00000, 0x0000000081c00000|  0%| F|  |TAMS 0x0000000081b00000, 0x0000000081b00000| Untracked 
|  10|0x0000000081c00000, 0x0000000081c00000, 0x0000000081d00000|  0%| F|  |TAMS 0x0000000081c00000, 0x0000000081c00000| Untracked 
|  11|0x0000000081d00000, 0x0000000081d00000, 0x0000000081e00000|  0%| F|  |TAMS 0x0000000081d00000, 0x0000000081d00000| Untracked 
|  12|0x0000000081e00000, 0x0000000081e00000, 0x0000000081f00000|  0%| F|  |TAMS 0x0000000081e00000, 0x0000000081e00000| Untracked 
|  13|0x0000000081f00000, 0x0000000081f00000, 0x0000000082000000|  0%| F|  |TAMS 0x0000000081f00000, 0x0000000081f00000| Untracked 
|  14|0x0000000082000000, 0x0000000082000000, 0x0000000082100000|  0%| F|  |TAMS 0x0000000082000000, 0x0000000082000000| Untracked 
|  15|0x0000000082100000, 0x0000000082100000, 0x0000000082200000|  0%| F|  |TAMS 0x0000000082100000, 0x0000000082100000| Untracked 
|  16|0x0000000082200000, 0x0000000082200000, 0x0000000082300000|  0%| F|  |TAMS 0x0000000082200000, 0x0000000082200000| Untracked 
|  17|0x0000000082300000, 0x0000000082300000, 0x0000000082400000|  0%| F|  |TAMS 0x0000000082300000, 0x0000000082300000| Untracked 
|  18|0x0000000082400000, 0x0000000082400000, 0x0000000082500000|  0%| F|  |TAMS 0x0000000082400000, 0x0000000082400000| Untracked 
|  19|0x0000000082500000, 0x0000000082500000, 0x0000000082600000|  0%| F|  |TAMS 0x0000000082500000, 0x0000000082500000| Untracked 
|  20|0x0000000082600000, 0x0000000082600000, 0x0000000082700000|  0%| F|  |TAMS 0x0000000082600000, 0x0000000082600000| Untracked 
|  21|0x0000000082700000, 0x0000000082700000, 0x0000000082800000|  0%| F|  |TAMS 0x0000000082700000, 0x0000000082700000| Untracked 
|  22|0x0000000082800000, 0x0000000082800000, 0x0000000082900000|  0%| F|  |TAMS 0x0000000082800000, 0x0000000082800000| Untracked 
|  23|0x0000000082900000, 0x0000000082900000, 0x0000000082a00000|  0%| F|  |TAMS 0x0000000082900000, 0x0000000082900000| Untracked 
|  24|0x0000000082a00000, 0x0000000082a00000, 0x0000000082b00000|  0%| F|  |TAMS 0x0000000082a00000, 0x0000000082a00000| Untracked 
|  25|0x0000000082b00000, 0x0000000082b00000, 0x0000000082c00000|  0%| F|  |TAMS 0x0000000082b00000, 0x0000000082b00000| Untracked 
|  26|0x0000000082c00000, 0x0000000082c00000, 0x0000000082d00000|  0%| F|  |TAMS 0x0000000082c00000, 0x0000000082c00000| Untracked 
|  27|0x0000000082d00000, 0x0000000082d00000, 0x0000000082e00000|  0%| F|  |TAMS 0x0000000082d00000, 0x0000000082d00000| Untracked 
|  28|0x0000000082e00000, 0x0000000082e00000, 0x0000000082f00000|  0%| F|  |TAMS 0x0000000082e00000, 0x0000000082e00000| Untracked 
|  29|0x0000000082f00000, 0x0000000082f00000, 0x0000000083000000|  0%| F|  |TAMS 0x0000000082f00000, 0x0000000082f00000| Untracked 
|  30|0x0000000083000000, 0x0000000083000000, 0x0000000083100000|  0%| F|  |TAMS 0x0000000083000000, 0x0000000083000000| Untracked 
|  31|0x0000000083100000, 0x0000000083100000, 0x0000000083200000|  0%| F|  |TAMS 0x0000000083100000, 0x0000000083100000| Untracked 
|  32|0x0000000083200000, 0x0000000083200000, 0x0000000083300000|  0%| F|  |TAMS 0x0000000083200000, 0x0000000083200000| Untracked 
|  33|0x0000000083300000, 0x0000000083300000, 0x0000000083400000|  0%| F|  |TAMS 0x0000000083300000, 0x0000000083300000| Untracked 
|  34|0x0000000083400000, 0x0000000083400000, 0x0000000083500000|  0%| F|  |TAMS 0x0000000083400000, 0x0000000083400000| Untracked 
|  35|0x0000000083500000, 0x0000000083500000, 0x0000000083600000|  0%| F|  |TAMS 0x0000000083500000, 0x0000000083500000| Untracked 
|  36|0x0000000083600000, 0x0000000083600000, 0x0000000083700000|  0%| F|  |TAMS 0x0000000083600000, 0x0000000083600000| Untracked 
|  37|0x0000000083700000, 0x0000000083700000, 0x0000000083800000|  0%| F|  |TAMS 0x0000000083700000, 0x0000000083700000| Untracked 
|  38|0x0000000083800000, 0x0000000083800000, 0x0000000083900000|  0%| F|  |TAMS 0x0000000083800000, 0x0000000083800000| Untracked 
|  39|0x0000000083900000, 0x0000000083900000, 0x0000000083a00000|  0%| F|  |TAMS 0x0000000083900000, 0x0000000083900000| Untracked 
|  40|0x0000000083a00000, 0x0000000083a00000, 0x0000000083b00000|  0%| F|  |TAMS 0x0000000083a00000, 0x0000000083a00000| Untracked 
|  41|0x0000000083b00000, 0x0000000083b00000, 0x0000000083c00000|  0%| F|  |TAMS 0x0000000083b00000, 0x0000000083b00000| Untracked 
|  42|0x0000000083c00000, 0x0000000083c00000, 0x0000000083d00000|  0%| F|  |TAMS 0x0000000083c00000, 0x0000000083c00000| Untracked 
|  43|0x0000000083d00000, 0x0000000083d00000, 0x0000000083e00000|  0%| F|  |TAMS 0x0000000083d00000, 0x0000000083d00000| Untracked 
|  44|0x0000000083e00000, 0x0000000083e00000, 0x0000000083f00000|  0%| F|  |TAMS 0x0000000083e00000, 0x0000000083e00000| Untracked 
|  45|0x0000000083f00000, 0x0000000083f00000, 0x0000000084000000|  0%| F|  |TAMS 0x0000000083f00000, 0x0000000083f00000| Untracked 
|  46|0x0000000084000000, 0x0000000084000000, 0x0000000084100000|  0%| F|  |TAMS 0x0000000084000000, 0x0000000084000000| Untracked 
|  47|0x0000000084100000, 0x0000000084100000, 0x0000000084200000|  0%| F|  |TAMS 0x0000000084100000, 0x0000000084100000| Untracked 
|  48|0x0000000084200000, 0x0000000084200000, 0x0000000084300000|  0%| F|  |TAMS 0x0000000084200000, 0x0000000084200000| Untracked 
|  49|0x0000000084300000, 0x0000000084300000, 0x0000000084400000|  0%| F|  |TAMS 0x0000000084300000, 0x0000000084300000| Untracked 
|  50|0x0000000084400000, 0x0000000084400000, 0x0000000084500000|  0%| F|  |TAMS 0x0000000084400000, 0x0000000084400000| Untracked 
|  51|0x0000000084500000, 0x0000000084500000, 0x0000000084600000|  0%| F|  |TAMS 0x0000000084500000, 0x0000000084500000| Untracked 
|  52|0x0000000084600000, 0x0000000084600000, 0x0000000084700000|  0%| F|  |TAMS 0x0000000084600000, 0x0000000084600000| Untracked 
|  53|0x0000000084700000, 0x0000000084700000, 0x0000000084800000|  0%| F|  |TAMS 0x0000000084700000, 0x0000000084700000| Untracked 
|  54|0x0000000084800000, 0x0000000084800000, 0x0000000084900000|  0%| F|  |TAMS 0x0000000084800000, 0x0000000084800000| Untracked 
|  55|0x0000000084900000, 0x0000000084900000, 0x0000000084a00000|  0%| F|  |TAMS 0x0000000084900000, 0x0000000084900000| Untracked 
|  56|0x0000000084a00000, 0x0000000084a00000, 0x0000000084b00000|  0%| F|  |TAMS 0x0000000084a00000, 0x0000000084a00000| Untracked 
|  57|0x0000000084b00000, 0x0000000084b00000, 0x0000000084c00000|  0%| F|  |TAMS 0x0000000084b00000, 0x0000000084b00000| Untracked 
|  58|0x0000000084c00000, 0x0000000084c00000, 0x0000000084d00000|  0%| F|  |TAMS 0x0000000084c00000, 0x0000000084c00000| Untracked 
|  59|0x0000000084d00000, 0x0000000084d00000, 0x0000000084e00000|  0%| F|  |TAMS 0x0000000084d00000, 0x0000000084d00000| Untracked 
|  60|0x0000000084e00000, 0x0000000084e00000, 0x0000000084f00000|  0%| F|  |TAMS 0x0000000084e00000, 0x0000000084e00000| Untracked 
|  61|0x0000000084f00000, 0x0000000084f00000, 0x0000000085000000|  0%| F|  |TAMS 0x0000000084f00000, 0x0000000084f00000| Untracked 
|  62|0x0000000085000000, 0x0000000085000000, 0x0000000085100000|  0%| F|  |TAMS 0x0000000085000000, 0x0000000085000000| Untracked 
|  63|0x0000000085100000, 0x0000000085100000, 0x0000000085200000|  0%| F|  |TAMS 0x0000000085100000, 0x0000000085100000| Untracked 
|  64|0x0000000085200000, 0x0000000085200000, 0x0000000085300000|  0%| F|  |TAMS 0x0000000085200000, 0x0000000085200000| Untracked 
|  65|0x0000000085300000, 0x0000000085300000, 0x0000000085400000|  0%| F|  |TAMS 0x0000000085300000, 0x0000000085300000| Untracked 
|  66|0x0000000085400000, 0x0000000085400000, 0x0000000085500000|  0%| F|  |TAMS 0x0000000085400000, 0x0000000085400000| Untracked 
|  67|0x0000000085500000, 0x0000000085500000, 0x0000000085600000|  0%| F|  |TAMS 0x0000000085500000, 0x0000000085500000| Untracked 
|  68|0x0000000085600000, 0x0000000085600000, 0x0000000085700000|  0%| F|  |TAMS 0x0000000085600000, 0x0000000085600000| Untracked 
|  69|0x0000000085700000, 0x0000000085700000, 0x0000000085800000|  0%| F|  |TAMS 0x0000000085700000, 0x0000000085700000| Untracked 
|  70|0x0000000085800000, 0x0000000085800000, 0x0000000085900000|  0%| F|  |TAMS 0x0000000085800000, 0x0000000085800000| Untracked 
|  71|0x0000000085900000, 0x0000000085900000, 0x0000000085a00000|  0%| F|  |TAMS 0x0000000085900000, 0x0000000085900000| Untracked 
|  72|0x0000000085a00000, 0x0000000085a00000, 0x0000000085b00000|  0%| F|  |TAMS 0x0000000085a00000, 0x0000000085a00000| Untracked 
|  73|0x0000000085b00000, 0x0000000085b00000, 0x0000000085c00000|  0%| F|  |TAMS 0x0000000085b00000, 0x0000000085b00000| Untracked 
|  74|0x0000000085c00000, 0x0000000085c00000, 0x0000000085d00000|  0%| F|  |TAMS 0x0000000085c00000, 0x0000000085c00000| Untracked 
|  75|0x0000000085d00000, 0x0000000085d00000, 0x0000000085e00000|  0%| F|  |TAMS 0x0000000085d00000, 0x0000000085d00000| Untracked 
|  76|0x0000000085e00000, 0x0000000085e00000, 0x0000000085f00000|  0%| F|  |TAMS 0x0000000085e00000, 0x0000000085e00000| Untracked 
|  77|0x0000000085f00000, 0x0000000085f00000, 0x0000000086000000|  0%| F|  |TAMS 0x0000000085f00000, 0x0000000085f00000| Untracked 
|  78|0x0000000086000000, 0x0000000086000000, 0x0000000086100000|  0%| F|  |TAMS 0x0000000086000000, 0x0000000086000000| Untracked 
|  79|0x0000000086100000, 0x0000000086100000, 0x0000000086200000|  0%| F|  |TAMS 0x0000000086100000, 0x0000000086100000| Untracked 
|  80|0x0000000086200000, 0x0000000086200000, 0x0000000086300000|  0%| F|  |TAMS 0x0000000086200000, 0x0000000086200000| Untracked 
|  81|0x0000000086300000, 0x0000000086300000, 0x0000000086400000|  0%| F|  |TAMS 0x0000000086300000, 0x0000000086300000| Untracked 
|  82|0x0000000086400000, 0x0000000086400000, 0x0000000086500000|  0%| F|  |TAMS 0x0000000086400000, 0x0000000086400000| Untracked 
|  83|0x0000000086500000, 0x0000000086500000, 0x0000000086600000|  0%| F|  |TAMS 0x0000000086500000, 0x0000000086500000| Untracked 
|  84|0x0000000086600000, 0x0000000086600000, 0x0000000086700000|  0%| F|  |TAMS 0x0000000086600000, 0x0000000086600000| Untracked 
|  85|0x0000000086700000, 0x0000000086700000, 0x0000000086800000|  0%| F|  |TAMS 0x0000000086700000, 0x0000000086700000| Untracked 
|  86|0x0000000086800000, 0x0000000086800000, 0x0000000086900000|  0%| F|  |TAMS 0x0000000086800000, 0x0000000086800000| Untracked 
|  87|0x0000000086900000, 0x0000000086900000, 0x0000000086a00000|  0%| F|  |TAMS 0x0000000086900000, 0x0000000086900000| Untracked 
|  88|0x0000000086a00000, 0x0000000086a00000, 0x0000000086b00000|  0%| F|  |TAMS 0x0000000086a00000, 0x0000000086a00000| Untracked 
|  89|0x0000000086b00000, 0x0000000086b00000, 0x0000000086c00000|  0%| F|  |TAMS 0x0000000086b00000, 0x0000000086b00000| Untracked 
|  90|0x0000000086c00000, 0x0000000086c00000, 0x0000000086d00000|  0%| F|  |TAMS 0x0000000086c00000, 0x0000000086c00000| Untracked 
|  91|0x0000000086d00000, 0x0000000086d00000, 0x0000000086e00000|  0%| F|  |TAMS 0x0000000086d00000, 0x0000000086d00000| Untracked 
|  92|0x0000000086e00000, 0x0000000086e00000, 0x0000000086f00000|  0%| F|  |TAMS 0x0000000086e00000, 0x0000000086e00000| Untracked 
|  93|0x0000000086f00000, 0x0000000086f00000, 0x0000000087000000|  0%| F|  |TAMS 0x0000000086f00000, 0x0000000086f00000| Untracked 
|  94|0x0000000087000000, 0x0000000087000000, 0x0000000087100000|  0%| F|  |TAMS 0x0000000087000000, 0x0000000087000000| Untracked 
|  95|0x0000000087100000, 0x0000000087100000, 0x0000000087200000|  0%| F|  |TAMS 0x0000000087100000, 0x0000000087100000| Untracked 
|  96|0x0000000087200000, 0x0000000087200000, 0x0000000087300000|  0%| F|  |TAMS 0x0000000087200000, 0x0000000087200000| Untracked 
|  97|0x0000000087300000, 0x0000000087300000, 0x0000000087400000|  0%| F|  |TAMS 0x0000000087300000, 0x0000000087300000| Untracked 
|  98|0x0000000087400000, 0x0000000087400000, 0x0000000087500000|  0%| F|  |TAMS 0x0000000087400000, 0x0000000087400000| Untracked 
|  99|0x0000000087500000, 0x0000000087500000, 0x0000000087600000|  0%| F|  |TAMS 0x0000000087500000, 0x0000000087500000| Untracked 
| 100|0x0000000087600000, 0x0000000087600000, 0x0000000087700000|  0%| F|  |TAMS 0x0000000087600000, 0x0000000087600000| Untracked 
| 101|0x0000000087700000, 0x0000000087700000, 0x0000000087800000|  0%| F|  |TAMS 0x0000000087700000, 0x0000000087700000| Untracked 
| 102|0x0000000087800000, 0x0000000087800000, 0x0000000087900000|  0%| F|  |TAMS 0x0000000087800000, 0x0000000087800000| Untracked 
| 103|0x0000000087900000, 0x0000000087900000, 0x0000000087a00000|  0%| F|  |TAMS 0x0000000087900000, 0x0000000087900000| Untracked 
| 104|0x0000000087a00000, 0x0000000087a00000, 0x0000000087b00000|  0%| F|  |TAMS 0x0000000087a00000, 0x0000000087a00000| Untracked 
| 105|0x0000000087b00000, 0x0000000087b00000, 0x0000000087c00000|  0%| F|  |TAMS 0x0000000087b00000, 0x0000000087b00000| Untracked 
| 106|0x0000000087c00000, 0x0000000087c00000, 0x0000000087d00000|  0%| F|  |TAMS 0x0000000087c00000, 0x0000000087c00000| Untracked 
| 107|0x0000000087d00000, 0x0000000087d00000, 0x0000000087e00000|  0%| F|  |TAMS 0x0000000087d00000, 0x0000000087d00000| Untracked 
| 108|0x0000000087e00000, 0x0000000087e00000, 0x0000000087f00000|  0%| F|  |TAMS 0x0000000087e00000, 0x0000000087e00000| Untracked 
| 109|0x0000000087f00000, 0x0000000087f00000, 0x0000000088000000|  0%| F|  |TAMS 0x0000000087f00000, 0x0000000087f00000| Untracked 
| 110|0x0000000088000000, 0x0000000088000000, 0x0000000088100000|  0%| F|  |TAMS 0x0000000088000000, 0x0000000088000000| Untracked 
| 111|0x0000000088100000, 0x0000000088100000, 0x0000000088200000|  0%| F|  |TAMS 0x0000000088100000, 0x0000000088100000| Untracked 
| 112|0x0000000088200000, 0x0000000088200000, 0x0000000088300000|  0%| F|  |TAMS 0x0000000088200000, 0x0000000088200000| Untracked 
| 113|0x0000000088300000, 0x0000000088300000, 0x0000000088400000|  0%| F|  |TAMS 0x0000000088300000, 0x0000000088300000| Untracked 
| 114|0x0000000088400000, 0x0000000088400000, 0x0000000088500000|  0%| F|  |TAMS 0x0000000088400000, 0x0000000088400000| Untracked 
| 115|0x0000000088500000, 0x0000000088500000, 0x0000000088600000|  0%| F|  |TAMS 0x0000000088500000, 0x0000000088500000| Untracked 
| 116|0x0000000088600000, 0x0000000088600000, 0x0000000088700000|  0%| F|  |TAMS 0x0000000088600000, 0x0000000088600000| Untracked 
| 117|0x0000000088700000, 0x0000000088700000, 0x0000000088800000|  0%| F|  |TAMS 0x0000000088700000, 0x0000000088700000| Untracked 
| 118|0x0000000088800000, 0x0000000088800000, 0x0000000088900000|  0%| F|  |TAMS 0x0000000088800000, 0x0000000088800000| Untracked 
| 119|0x0000000088900000, 0x0000000088900000, 0x0000000088a00000|  0%| F|  |TAMS 0x0000000088900000, 0x0000000088900000| Untracked 
| 120|0x0000000088a00000, 0x0000000088a00000, 0x0000000088b00000|  0%| F|  |TAMS 0x0000000088a00000, 0x0000000088a00000| Untracked 
| 121|0x0000000088b00000, 0x0000000088b76448, 0x0000000088c00000| 46%| E|  |TAMS 0x0000000088b00000, 0x0000000088b00000| Complete 
| 122|0x0000000088c00000, 0x0000000088d00000, 0x0000000088d00000|100%| E|CS|TAMS 0x0000000088c00000, 0x0000000088c00000| Complete 
| 123|0x0000000088d00000, 0x0000000088e00000, 0x0000000088e00000|100%| E|CS|TAMS 0x0000000088d00000, 0x0000000088d00000| Complete 
| 124|0x0000000088e00000, 0x0000000088f00000, 0x0000000088f00000|100%| E|CS|TAMS 0x0000000088e00000, 0x0000000088e00000| Complete 
| 125|0x0000000088f00000, 0x0000000089000000, 0x0000000089000000|100%| E|CS|TAMS 0x0000000088f00000, 0x0000000088f00000| Complete 
| 126|0x0000000089000000, 0x0000000089100000, 0x0000000089100000|100%| E|CS|TAMS 0x0000000089000000, 0x0000000089000000| Complete 
| 127|0x0000000089100000, 0x0000000089200000, 0x0000000089200000|100%| E|CS|TAMS 0x0000000089100000, 0x0000000089100000| Complete 

Card table byte_map: [0x000001bac0990000,0x000001bac0d90000] _byte_map_base: 0x000001bac0587000

Marking Bits (Prev, Next): (CMBitMap*) 0x000001baa8d8c780, (CMBitMap*) 0x000001baa8d8c7c0
 Prev Bits: [0x000001bac1190000, 0x000001bac3148000)
 Next Bits: [0x000001bac3150000, 0x000001bac5108000)

Polling page: 0x000001baa6c30000

Metaspace:

Usage:
  Non-class:      4.96 MB capacity,     4.84 MB ( 98%) used,   113.13 KB (  2%) free+waste,     8.50 KB ( <1%) overhead. 
      Class:    640.00 KB capacity,   589.30 KB ( 92%) used,    46.64 KB (  7%) free+waste,     4.06 KB ( <1%) overhead. 
       Both:      5.58 MB capacity,     5.41 MB ( 97%) used,   159.77 KB (  3%) free+waste,    12.56 KB ( <1%) overhead. 

Virtual space:
  Non-class space:        8.00 MB reserved,       5.00 MB ( 63%) committed 
      Class space:        1.00 GB reserved,     640.00 KB ( <1%) committed 
             Both:        1.01 GB reserved,       5.63 MB ( <1%) committed 

Chunk freelists:
   Non-Class:  46.00 KB
       Class:  0 bytes
        Both:  46.00 KB

MaxMetaspaceSize: 17179869184.00 GB
CompressedClassSpaceSize: 1.00 GB

CodeHeap 'non-profiled nmethods': size=120000Kb used=189Kb max_used=189Kb free=119811Kb
 bounds [0x000001bab8d30000, 0x000001bab8fa0000, 0x000001bac0260000]
CodeHeap 'profiled nmethods': size=120000Kb used=1007Kb max_used=1007Kb free=118992Kb
 bounds [0x000001bab1800000, 0x000001bab1a70000, 0x000001bab8d30000]
CodeHeap 'non-nmethods': size=5760Kb used=1230Kb max_used=1245Kb free=4529Kb
 bounds [0x000001bab1260000, 0x000001bab14d0000, 0x000001bab1800000]
 total_blobs=1169 nmethods=664 adapters=418
 compilation: enabled
              stopped_count=0, restarted_count=0
 full_count=0

Compilation events (20 events):
Event: 0.827 Thread 0x000001bac7b5c840  651       3       java.nio.Buffer::limit (65 bytes)
Event: 0.827 Thread 0x000001bac7b5c840 nmethod 651 0x000001bab18f4490 code [0x000001bab18f4640, 0x000001bab18f48e8]
Event: 0.827 Thread 0x000001bac7b5c840  652       3       java.nio.ByteBuffer::position (8 bytes)
Event: 0.827 Thread 0x000001bac7b5c840 nmethod 652 0x000001bab18f4990 code [0x000001bab18f4b40, 0x000001bab18f4c88]
Event: 0.828 Thread 0x000001bac7b48750  653       4       jdk.internal.org.objectweb.asm.Symbol::<init> (38 bytes)
Event: 0.829 Thread 0x000001bac7b5c840  655       3       java.lang.invoke.LambdaForm::useCount (90 bytes)
Event: 0.829 Thread 0x000001bac7b5c840 nmethod 655 0x000001bab18f4d10 code [0x000001bab18f4ee0, 0x000001bab18f5298]
Event: 0.829 Thread 0x000001bac7b5c840  656       3       java.lang.invoke.LambdaForm::lastUseIndex (76 bytes)
Event: 0.829 Thread 0x000001bac7b5c840 nmethod 656 0x000001bab18f5490 code [0x000001bab18f5640, 0x000001bab18f5948]
Event: 0.829 Thread 0x000001bac7b5c840  657       3       java.lang.invoke.InvokerBytecodeGenerator::storeInsnOpcode (87 bytes)
Event: 0.830 Thread 0x000001bac7b5c840 nmethod 657 0x000001bab18f5b10 code [0x000001bab18f5d60, 0x000001bab18f66b8]
Event: 0.830 Thread 0x000001bac7b5c840  658       3       jdk.internal.org.objectweb.asm.Frame::pop (53 bytes)
Event: 0.830 Thread 0x000001bac7b5c840 nmethod 658 0x000001bab18f6a10 code [0x000001bab18f6c40, 0x000001bab18f7378]
Event: 0.830 Thread 0x000001bac7b5c840  660       3       java.lang.invoke.LambdaForm$Name::internArguments (59 bytes)
Event: 0.830 Thread 0x000001bac7b48750 nmethod 653 0x000001bab8d5e210 code [0x000001bab8d5e380, 0x000001bab8d5e6d8]
Event: 0.830 Thread 0x000001bac7b48750  654       4       jdk.internal.org.objectweb.asm.SymbolTable::put (150 bytes)
Event: 0.831 Thread 0x000001bac7b5c840 nmethod 660 0x000001bab18f7690 code [0x000001bab18f7880, 0x000001bab18f7f88]
Event: 0.831 Thread 0x000001bac7b5c840  659       3       java.lang.invoke.LambdaFormBuffer::changeName (149 bytes)
Event: 0.831 Thread 0x000001bac7b5c840 nmethod 659 0x000001bab18f8110 code [0x000001bab18f82e0, 0x000001bab18f8828]
Event: 0.831 Thread 0x000001bac7b5c840  661   !   3       java.lang.invoke.MemberName::getFieldType (177 bytes)

GC Heap History (0 events):
No events

Deoptimization events (4 events):
Event: 0.093 Thread 0x000001baa8d47f80 Uncommon trap: trap_request=0xffffff45 fr.pc=0x000001bab8d344c0 relative=0x0000000000000220
Event: 0.093 Thread 0x000001baa8d47f80 Uncommon trap: reason=unstable_if action=reinterpret pc=0x000001bab8d344c0 method=java.lang.String.hashCode()I @ 13 c2
Event: 0.093 Thread 0x000001baa8d47f80 DEOPT PACKING pc=0x000001bab8d344c0 sp=0x0000001c391fdeb0
Event: 0.093 Thread 0x000001baa8d47f80 DEOPT UNPACKING pc=0x000001bab12ae42f sp=0x0000001c391fde40 mode 2

Classes unloaded (0 events):
No events

Classes redefined (0 events):
No events

Internal exceptions (13 events):
Event: 0.202 Thread 0x000001baa8d47f80 Exception <a 'java/lang/NoSuchMethodError'{0x0000000088f42468}: 'void java.lang.invoke.DirectMethodHandle$Holder.invokeSpecial(java.lang.Object, java.lang.Object, java.lang.Object)'> (0x0000000088f42468) 
thrown [./src/hotspot/share/interpreter/linkResolver.cpp, line 782]
Event: 0.215 Thread 0x000001baa8d47f80 Exception <a 'java/lang/ClassNotFoundException'{0x0000000088f56588}: sun/awt/resources/spi/awtProvider> (0x0000000088f56588) 
thrown [./src/hotspot/share/classfile/systemDictionary.cpp, line 295]
Event: 0.293 Thread 0x000001baa8d47f80 Exception <a 'java/io/FileNotFoundException'{0x0000000088fa9de8}> (0x0000000088fa9de8) 
thrown [./src/hotspot/share/prims/jni.cpp, line 578]
Event: 0.305 Thread 0x000001baa8d47f80 Exception <a 'java/io/FileNotFoundException'{0x0000000088fd88f0}> (0x0000000088fd88f0) 
thrown [./src/hotspot/share/prims/jni.cpp, line 578]
Event: 0.307 Thread 0x000001baa8d47f80 Exception <a 'java/lang/NoSuchMethodError'{0x0000000088fd9c68}: 'java.lang.Object java.lang.invoke.DirectMethodHandle$Holder.invokeStatic(java.lang.Object)'> (0x0000000088fd9c68) 
thrown [./src/hotspot/share/interpreter/linkResolver.cpp, line 782]
Event: 0.425 Thread 0x000001baa8d47f80 Exception <a 'java/lang/NoSuchMethodError'{0x0000000088e1ff88}: 'java.lang.Object java.lang.invoke.DirectMethodHandle$Holder.invokeStaticInit(java.lang.Object)'> (0x0000000088e1ff88) 
thrown [./src/hotspot/share/interpreter/linkResolver.cpp, line 782]
Event: 0.582 Thread 0x000001baa8d47f80 Exception <a 'java/lang/NoSuchMethodError'{0x0000000088d083e0}: 'java.lang.Object java.lang.invoke.DirectMethodHandle$Holder.newInvokeSpecial(java.lang.Object, java.lang.Object, java.lang.Object, java.lang.Object, java.lang.Object)'> (0x0000000088d083e0) 
thrown [./src/hotspot/share/interpreter/linkResolver.cpp, line 782]
Event: 0.585 Thread 0x000001baa8d47f80 Exception <a 'java/lang/NoSuchMethodError'{0x0000000088d13e70}: 'java.lang.Object java.lang.invoke.DirectMethodHandle$Holder.invokeStatic(java.lang.Object, int, java.lang.Object, java.lang.Object, java.lang.Object, java.lang.Object)'> (0x0000000088d13e70) 
thrown [./src/hotspot/share/interpreter/linkResolver.cpp, line 782]
Event: 0.597 Thread 0x000001baa8d47f80 Exception <a 'java/lang/NoSuchMethodError'{0x0000000088d3a118}: 'java.lang.Object java.lang.invoke.DirectMethodHandle$Holder.invokeStatic(java.lang.Object, int, java.lang.Object)'> (0x0000000088d3a118) 
thrown [./src/hotspot/share/interpreter/linkResolver.cpp, line 782]
Event: 0.651 Thread 0x000001baa8d47f80 Exception <a 'java/lang/ClassNotFoundException'{0x0000000088df7080}: com/sun/swing/internal/plaf/metal/resources/spi/metalProvider> (0x0000000088df7080) 
thrown [./src/hotspot/share/classfile/systemDictionary.cpp, line 295]
Event: 0.655 Thread 0x000001baa8d47f80 Exception <a 'java/lang/ClassNotFoundException'{0x0000000088dfbe78}: com/sun/swing/internal/plaf/basic/resources/spi/basicProvider> (0x0000000088dfbe78) 
thrown [./src/hotspot/share/classfile/systemDictionary.cpp, line 295]
Event: 0.737 Thread 0x000001baa8d47f80 Exception <a 'java/io/FileNotFoundException'{0x0000000088c1fbc8}> (0x0000000088c1fbc8) 
thrown [./src/hotspot/share/prims/jni.cpp, line 578]
Event: 0.819 Thread 0x000001baa8d47f80 Exception <a 'java/lang/NoSuchMethodError'{0x0000000088c6b298}: 'void java.lang.invoke.DirectMethodHandle$Holder.invokeStaticInit(java.lang.Object)'> (0x0000000088c6b298) 
thrown [./src/hotspot/share/interpreter/linkResolver.cpp, line 782]

Events (20 events):
Event: 0.825 loading class java/util/LinkedList$ListItr
Event: 0.825 loading class sun/awt/windows/WDefaultFontCharset
Event: 0.825 loading class sun/awt/AWTCharset
Event: 0.825 loading class java/util/LinkedList$ListItr done
Event: 0.825 loading class javax/swing/RepaintManager$2$1
Event: 0.825 loading class sun/awt/AWTCharset done
Event: 0.825 loading class sun/awt/windows/WDefaultFontCharset done
Event: 0.825 loading class javax/swing/RepaintManager$2$1 done
Event: 0.826 loading class sun/awt/windows/WDefaultFontCharset$Encoder
Event: 0.826 loading class sun/awt/AWTCharset$Encoder
Event: 0.826 loading class sun/awt/AWTCharset$Encoder done
Event: 0.826 loading class sun/awt/windows/WDefaultFontCharset$Encoder done
Event: 0.827 loading class sun/awt/windows/WingDings
Event: 0.827 loading class sun/awt/windows/WingDings done
Event: 0.827 loading class sun/awt/windows/WingDings$Encoder
Event: 0.827 loading class sun/awt/windows/WingDings$Encoder done
Event: 0.827 loading class sun/awt/Symbol
Event: 0.828 loading class sun/awt/Symbol done
Event: 0.828 loading class sun/awt/Symbol$Encoder
Event: 0.828 loading class sun/awt/Symbol$Encoder done


Dynamic libraries:
0x00007ff6ce510000 - 0x00007ff6ce51d000 	C:\Program Files\AdoptOpenJDK\jdk-15.0.0.36-hotspot\bin\javaw.exe
0x00007ffbefc90000 - 0x00007ffbefe86000 	C:\WINDOWS\SYSTEM32\ntdll.dll
0x00007ffbef840000 - 0x00007ffbef8fd000 	C:\WINDOWS\System32\KERNEL32.DLL
0x00007ffbed920000 - 0x00007ffbedbe9000 	C:\WINDOWS\System32\KERNELBASE.dll
0x00007ffbed6c0000 - 0x00007ffbed7c0000 	C:\WINDOWS\System32\ucrtbase.dll
0x00007ffbe8bc0000 - 0x00007ffbe8bd8000 	C:\Program Files\AdoptOpenJDK\jdk-15.0.0.36-hotspot\bin\jli.dll
0x00007ffbe8ba0000 - 0x00007ffbe8bb5000 	C:\Program Files\AdoptOpenJDK\jdk-15.0.0.36-hotspot\bin\VCRUNTIME140.dll
0x00007ffbef230000 - 0x00007ffbef3d0000 	C:\WINDOWS\System32\USER32.dll
0x00007ffbed4e0000 - 0x00007ffbed502000 	C:\WINDOWS\System32\win32u.dll
0x00007ffbee030000 - 0x00007ffbee05a000 	C:\WINDOWS\System32\GDI32.dll
0x00007ffbd95b0000 - 0x00007ffbd984b000 	C:\WINDOWS\WinSxS\amd64_microsoft.windows.common-controls_6595b64144ccf1df_6.0.19041.488_none_ca04af081b815d21\COMCTL32.dll
0x00007ffbed3d0000 - 0x00007ffbed4d9000 	C:\WINDOWS\System32\gdi32full.dll
0x00007ffbee920000 - 0x00007ffbee9be000 	C:\WINDOWS\System32\msvcrt.dll
0x00007ffbed620000 - 0x00007ffbed6bd000 	C:\WINDOWS\System32\msvcp_win.dll
0x00007ffbee5c0000 - 0x00007ffbee5f0000 	C:\WINDOWS\System32\IMM32.DLL
0x00007ffbc7580000 - 0x00007ffbc761b000 	C:\Program Files\AdoptOpenJDK\jdk-15.0.0.36-hotspot\bin\msvcp140.dll
0x00007ffb87ba0000 - 0x00007ffb88724000 	C:\Program Files\AdoptOpenJDK\jdk-15.0.0.36-hotspot\bin\server\jvm.dll
0x00007ffbee6a0000 - 0x00007ffbee74c000 	C:\WINDOWS\System32\ADVAPI32.dll
0x00007ffbefb20000 - 0x00007ffbefbbc000 	C:\WINDOWS\System32\sechost.dll
0x00007ffbee750000 - 0x00007ffbee87b000 	C:\WINDOWS\System32\RPCRT4.dll
0x00007ffbefc40000 - 0x00007ffbefc48000 	C:\WINDOWS\System32\PSAPI.DLL
0x00007ffbdb5b0000 - 0x00007ffbdb5d7000 	C:\WINDOWS\SYSTEM32\WINMM.dll
0x00007ffbd3120000 - 0x00007ffbd3129000 	C:\WINDOWS\SYSTEM32\WSOCK32.dll
0x00007ffbe69a0000 - 0x00007ffbe69aa000 	C:\WINDOWS\SYSTEM32\VERSION.dll
0x00007ffbef960000 - 0x00007ffbef9cb000 	C:\WINDOWS\System32\WS2_32.dll
0x00007ffbebcb0000 - 0x00007ffbebcc2000 	C:\WINDOWS\SYSTEM32\kernel.appcore.dll
0x00007ffbe8d20000 - 0x00007ffbe8d2a000 	C:\Program Files\AdoptOpenJDK\jdk-15.0.0.36-hotspot\bin\jimage.dll
0x00007ffbeb2f0000 - 0x00007ffbeb4d4000 	C:\WINDOWS\SYSTEM32\DBGHELP.DLL
0x00007ffbd6640000 - 0x00007ffbd666c000 	C:\WINDOWS\SYSTEM32\dbgcore.DLL
0x00007ffbedc70000 - 0x00007ffbedcf0000 	C:\WINDOWS\System32\bcryptPrimitives.dll
0x00007ffbcb780000 - 0x00007ffbcb7a5000 	C:\Program Files\AdoptOpenJDK\jdk-15.0.0.36-hotspot\bin\java.dll
0x00007ffbeeae0000 - 0x00007ffbef222000 	C:\WINDOWS\System32\SHELL32.dll
0x00007ffbeb500000 - 0x00007ffbebc95000 	C:\WINDOWS\SYSTEM32\windows.storage.dll
0x00007ffbee260000 - 0x00007ffbee5b6000 	C:\WINDOWS\System32\combase.dll
0x00007ffbecd70000 - 0x00007ffbecd9c000 	C:\WINDOWS\SYSTEM32\Wldp.dll
0x00007ffbee5f0000 - 0x00007ffbee69e000 	C:\WINDOWS\System32\SHCORE.dll
0x00007ffbef9d0000 - 0x00007ffbefa25000 	C:\WINDOWS\System32\shlwapi.dll
0x00007ffbed300000 - 0x00007ffbed326000 	C:\WINDOWS\SYSTEM32\profapi.dll
0x00007ffbe77e0000 - 0x00007ffbe77f8000 	C:\Program Files\AdoptOpenJDK\jdk-15.0.0.36-hotspot\bin\zip.dll
0x00007ffba5270000 - 0x00007ffba5408000 	C:\Program Files\AdoptOpenJDK\jdk-15.0.0.36-hotspot\bin\awt.dll
0x00007ffbee060000 - 0x00007ffbee12d000 	C:\WINDOWS\System32\OLEAUT32.dll
0x00007ffbea7a0000 - 0x00007ffbea830000 	C:\WINDOWS\SYSTEM32\apphelp.dll
0x00007ffbeaf40000 - 0x00007ffbeaf6f000 	C:\WINDOWS\system32\DWMAPI.DLL
0x00007ffbeab90000 - 0x00007ffbeac2e000 	C:\WINDOWS\system32\uxtheme.dll
0x00007ffbbb5c0000 - 0x00007ffbbb6e5000 	C:\WINDOWS\system32\opengl32.dll
0x00007ffbbb550000 - 0x00007ffbbb57c000 	C:\WINDOWS\SYSTEM32\GLU32.dll
0x00007ffbee9c0000 - 0x00007ffbeead6000 	C:\WINDOWS\System32\MSCTF.dll
0x00007ffbee130000 - 0x00007ffbee25a000 	C:\WINDOWS\System32\ole32.dll
0x00007ffbc56a0000 - 0x00007ffbc5722000 	C:\Program Files\AdoptOpenJDK\jdk-15.0.0.36-hotspot\bin\freetype.dll
0x00007ffbaa700000 - 0x00007ffbaa7a6000 	C:\Program Files\AdoptOpenJDK\jdk-15.0.0.36-hotspot\bin\fontmanager.dll

dbghelp: loaded successfully - version: 4.0.5 - missing functions: none
symbol engine: initialized successfully - sym options: 0x614 - pdb path: .;C:\Program Files\AdoptOpenJDK\jdk-15.0.0.36-hotspot\bin;C:\WINDOWS\SYSTEM32;C:\WINDOWS\WinSxS\amd64_microsoft.windows.common-controls_6595b64144ccf1df_6.0.19041.488_none_ca04af081b815d21;C:\Program Files\AdoptOpenJDK\jdk-15.0.0.36-hotspot\bin\server

VM Arguments:
jvm_args: -Dfile.encoding=UTF-8 -XX:+ShowCodeDetailsInExceptionMessages 
java_command: Clock
java_class_path (initial): C:\Java\kadai\workspace\Timer\bin
Launcher Type: SUN_STANDARD

[Global flags]
     intx CICompilerCount                          = 4                                         {product} {ergonomic}
     uint ConcGCThreads                            = 2                                         {product} {ergonomic}
     uint G1ConcRefinementThreads                  = 8                                         {product} {ergonomic}
   size_t G1HeapRegionSize                         = 1048576                                   {product} {ergonomic}
    uintx GCDrainStackTargetSize                   = 64                                        {product} {ergonomic}
   size_t InitialHeapSize                          = 134217728                                 {product} {ergonomic}
   size_t MarkStackSize                            = 4194304                                   {product} {ergonomic}
   size_t MaxHeapSize                              = 2128609280                                {product} {ergonomic}
   size_t MaxNewSize                               = 1277165568                                {product} {ergonomic}
   size_t MinHeapDeltaBytes                        = 1048576                                   {product} {ergonomic}
   size_t MinHeapSize                              = 8388608                                   {product} {ergonomic}
    uintx NonNMethodCodeHeapSize                   = 5839372                                {pd product} {ergonomic}
    uintx NonProfiledCodeHeapSize                  = 122909434                              {pd product} {ergonomic}
    uintx ProfiledCodeHeapSize                     = 122909434                              {pd product} {ergonomic}
    uintx ReservedCodeCacheSize                    = 251658240                              {pd product} {ergonomic}
     bool SegmentedCodeCache                       = true                                      {product} {ergonomic}
     bool ShowCodeDetailsInExceptionMessages       = true                                   {manageable} {command line}
   size_t SoftMaxHeapSize                          = 2128609280                             {manageable} {ergonomic}
     bool UseCompressedClassPointers               = true                                 {lp64_product} {ergonomic}
     bool UseCompressedOops                        = true                                 {lp64_product} {ergonomic}
     bool UseG1GC                                  = true                                      {product} {ergonomic}
     bool UseLargePagesIndividualAllocation        = false                                  {pd product} {ergonomic}

Logging:
Log output configuration:
 #0: stdout all=warning uptime,level,tags
 #1: stderr all=off uptime,level,tags

Environment Variables:
JAVA_HOME=C:\Program Files\Java\jre1.8.0_231
PATH=C:/Program Files/AdoptOpenJDK/jdk-15.0.0.36-hotspot/bin/server;C:/Program Files/AdoptOpenJDK/jdk-15.0.0.36-hotspot/bin;C:\Program Files\AdoptOpenJDK\jdk-15.0.0.36-hotspot\bin;C:\Program Files\AdoptOpenJDK\jdk-14.0.1.7-hotspot\bin;C:\Program Files (x86)\Common Files\Oracle\Java\javapath;C:\WINDOWS\system32;C:\WINDOWS;C:\WINDOWS\System32\Wbem;C:\WINDOWS\System32\WindowsPowerShell\v1.0\;C:\WINDOWS\System32\OpenSSH\;C:\Program Files\Intel\WiFi\bin\;C:\Program Files\Common Files\Intel\WirelessCommon\;C:\Program Files\dotnet\;C:\Users\yuto\Downloads\kotlin-compiler-1.3.60\kotlinc\bin;"ÅuC:\ProgramData\Oracle\Java\javapath;;AVA_HOME%bin";C:\Program Files\Git\cmd;C:\Program Files\PowerShell\7\;C:\Java\derby\bin;C:\Program Files\AdoptOpenJDK\jdk-15.0.0.36-hotspot\bin;C:\Program Files (x86)\Common Files\Oracle\Java\javapath;C:\WINDOWS\system32;C:\WINDOWS;C:\WINDOWS\System32\Wbem;C:\WINDOWS\System32\WindowsPowerShell\v1.0\;C:\WINDOWS\System32\OpenSSH\;C:\Program Files\Intel\WiFi\bin\;C:\Program Files\Common Files\Intel\WirelessCommon\;C:\Program Files\dotnet\;C:\Users\yuto\Downloads\kotlin-compiler-1.3.60\kotlinc\bin;ÅuC:\ProgramData\Oracle\Java\javapath;JAVA_HOME%bin;C:\Program Files\PowerShell\7\;C:\Python\Python3;C:\Python\Python3\Library\mingw-w64\bin;C:\Python\Python3\Library\usr\bin;C:\Python\Python3\Library\bin;C:\Python\Python3\Scripts;C:\Users\yuto\AppData\Local\Microsoft\WindowsApps;C:\MinGW\bin;C:\Users\yuto\AppData\Local\Programs\Microsoft VS Code\bin;C:\Users\yuto\AppData\Local\GitHubDesktop\bin;C:\Users\yuto\AppData\Local\Microsoft\WindowsApps;;C:\Java\eclipse;
USERNAME=yuto
OS=Windows_NT
PROCESSOR_IDENTIFIER=Intel64 Family 6 Model 142 Stepping 10, GenuineIntel



---------------  S Y S T E M  ---------------

OS:
 Windows 10 , 64 bit Build 19041 (10.0.19041.662)
OS uptime: 6 days 20:52 hours

CPU: total 8 (initial active 8) (4 cores per cpu, 2 threads per core) family 6 model 142 stepping 10, cmov, cx8, fxsr, mmx, sse, sse2, sse3, ssse3, sse4.1, sse4.2, popcnt, vzeroupper, avx, avx2, aes, clmul, erms, 3dnowpref, lzcnt, ht, tsc, tscinvbit, bmi1, bmi2, adx, fma, clflush, clflushopt

Memory: 4k page, system-wide physical 8118M (1046M free)
TotalPageFile size 20406M (AvailPageFile size 6112M)
current process WorkingSet (physical memory assigned to process): 49M, peak: 49M
current process commit charge ("private bytes"): 219M, peak: 219M

vm_info: OpenJDK 64-Bit Server VM (15+36) for windows-amd64 JRE (15+36), built on Sep 15 2020 15:48:07 by "" with MS VC++ 15.9 (VS2017)

END.
