#
# A fatal error has been detected by the Java Runtime Environment:
#
#  EXCEPTION_ACCESS_VIOLATION (0xc0000005) at pc=0x00007ffe37f7f932, pid=24108, tid=27480
#
# JRE version: OpenJDK Runtime Environment AdoptOpenJDK (15.0+36) (build 15+36)
# Java VM: OpenJDK 64-Bit Server VM AdoptOpenJDK (15+36, mixed mode, sharing, tiered, compressed oops, g1 gc, windows-amd64)
# Problematic frame:
# C  [awt.dll+0x8f932]
#
# No core dump will be written. Minidumps are not enabled by default on client versions of Windows
#
# If you would like to submit a bug report, please visit:
#   https://github.com/AdoptOpenJDK/openjdk-support/issues
# The crash happened outside the Java Virtual Machine in native code.
# See problematic frame for where to report the bug.
#

---------------  S U M M A R Y ------------

Command Line: -Dfile.encoding=UTF-8 -XX:+ShowCodeDetailsInExceptionMessages Clock

Host: Intel(R) Core(TM) i5-8250U CPU @ 1.60GHz, 8 cores, 7G,  Windows 10 , 64 bit Build 18362 (10.0.18362.1110)
Time: Thu Jan  7 11:52:20 2021 ???? (?W?Ä??) elapsed time: 0.797354 seconds (0d 0h 0m 0s)

---------------  T H R E A D  ---------------

Current thread (0x000001c2f5e3ee60):  JavaThread "main" [_thread_in_native, id=27480, stack(0x0000008237e00000,0x0000008237f00000)]

Stack: [0x0000008237e00000,0x0000008237f00000],  sp=0x0000008237efeef0,  free space=1019k
Native frames: (J=compiled Java code, j=interpreted, Vv=VM code, C=native code)
C  [awt.dll+0x8f932]

Java frames: (J=compiled Java code, j=interpreted, Vv=VM code)
j  sun.awt.windows.WComponentPeer._setFont(Ljava/awt/Font;)V+0 java.desktop@15
j  sun.awt.windows.WComponentPeer.setFont(Ljava/awt/Font;)V+7 java.desktop@15
j  sun.awt.windows.WWindowPeer.initialize()V+42 java.desktop@15
j  sun.awt.windows.WFramePeer.initialize()V+1 java.desktop@15
j  sun.awt.windows.WComponentPeer.<init>(Ljava/awt/Component;)V+83 java.desktop@15
j  sun.awt.windows.WCanvasPeer.<init>(Ljava/awt/Component;)V+2 java.desktop@15
j  sun.awt.windows.WPanelPeer.<init>(Ljava/awt/Component;)V+2 java.desktop@15
j  sun.awt.windows.WWindowPeer.<init>(Ljava/awt/Window;)V+2 java.desktop@15
j  sun.awt.windows.WFramePeer.<init>(Ljava/awt/Frame;)V+2 java.desktop@15
j  sun.awt.windows.WToolkit.createFrame(Ljava/awt/Frame;)Ljava/awt/peer/FramePeer;+5 java.desktop@15
j  java.awt.Frame.addNotify()V+20 java.desktop@15
j  java.awt.Window.pack()V+28 java.desktop@15
j  Clock.<init>()V+261
j  Clock.main([Ljava/lang/String;)V+20
v  ~StubRoutines::call_stub

siginfo: EXCEPTION_ACCESS_VIOLATION (0xc0000005), reading address 0x0000000000000058


Register to memory mapping:

RIP=0x00007ffe37f7f932 awt.dll
RAX=0x00007ffe37ffb6c0 awt.dll
RBX=0x000001c2f5e3f188 points into unknown readable memory: 0x00007ffe31d8afb0 | b0 af d8 31 fe 7f 00 00
RCX=0x000001c29945ee40 points into unknown readable memory: 0x00007ffe37ffb6c0 | c0 b6 ff 37 fe 7f 00 00
RDX=0x0 is NULL
RSP=0x0000008237efeef0 is pointing into the stack for thread: 0x000001c2f5e3ee60
RBP=0x0 is NULL
RSI=0x000001c298cdcaf0 is a global jni handle
RDI=0x000001c298cdcaf8 is a global jni handle
R8 =0x0000000000000042 is an unknown value
R9 =0x0000000800b748a8 is a pointer to class: 
java.awt.Font {0x0000000800b748b0}
R10=0x000001c2f5c40150 points into unknown readable memory: 0x0000000000050000 | 00 00 05 00 00 00 00 00
R11=0x0000008237efeef0 is pointing into the stack for thread: 0x000001c2f5e3ee60
R12=0x0 is NULL
R13={method} {0x000001c297791448} '_setFont' '(Ljava/awt/Font;)V' in 'sun/awt/windows/WComponentPeer'
R14=0x000001c29945ee40 points into unknown readable memory: 0x00007ffe37ffb6c0 | c0 b6 ff 37 fe 7f 00 00
R15=0x000001c2990cc7b0 points into unknown readable memory: 0x000001c298cdcaf0 | f0 ca cd 98 c2 01 00 00


Registers:
RAX=0x00007ffe37ffb6c0, RBX=0x000001c2f5e3f188, RCX=0x000001c29945ee40, RDX=0x0000000000000000
RSP=0x0000008237efeef0, RBP=0x0000000000000000, RSI=0x000001c298cdcaf0, RDI=0x000001c298cdcaf8
R8 =0x0000000000000042, R9 =0x0000000800b748a8, R10=0x000001c2f5c40150, R11=0x0000008237efeef0
R12=0x0000000000000000, R13=0x000001c297791440, R14=0x000001c29945ee40, R15=0x000001c2990cc7b0
RIP=0x00007ffe37f7f932, EFLAGS=0x0000000000010206

Top of Stack: (sp=0x0000008237efeef0)
0x0000008237efeef0:   000001c2990cc7b0 000001c29945ee40
0x0000008237efef00:   000001c2990cc7b0 000001c29945ee40
0x0000008237efef10:   000001c298cdcaf8 00007ffe37f84851
0x0000008237efef20:   000001c2f5e3f188 000001c2f5e3f188
0x0000008237efef30:   0000000000000000 000001c298cdcaf0
0x0000008237efef40:   000001c2f5e3ee60 0000008237eff090
0x0000008237efef50:   000001c2990cc7b0 00007ffe37fbd80b
0x0000008237efef60:   00007ffe3803fff8 0000008237eff068
0x0000008237efef70:   00007ffe37f84724 0000000000000000
0x0000008237efef80:   fffffffffffffffe fffffffffffffffe
0x0000008237efef90:   000001c298cdcaf0 00007ffe37f85a18
0x0000008237efefa0:   000001c298cdcaf8 0000008237eff088
0x0000008237efefb0:   0000008237eff088 00007ffe3803fff8
0x0000008237efefc0:   fffffffffffffffe 00007ffe3191a8b9
0x0000008237efefd0:   0000000088fe2818 000001c28843fd2c
0x0000008237efefe0:   000001c297791440 0000000000000000 

Instructions: (pc=0x00007ffe37f7f932)
0x00007ffe37f7f832:   00 48 8b d9 e8 a5 dc ff ff 48 8b f8 48 85 c0 75
0x00007ffe37f7f842:   04 48 8b 7b 48 48 8b cf e8 bb 17 05 00 48 8b d8
0x00007ffe37f7f852:   48 85 c0 74 60 83 64 24 20 00 0f 57 c0 83 64 24
0x00007ffe37f7f862:   34 00 b9 11 00 00 00 83 64 24 38 00 f3 0f 7f 44
0x00007ffe37f7f872:   24 24 ff 15 8e ca 0b 00 4c 8d 44 24 40 ba 5c 00
0x00007ffe37f7f882:   00 00 48 8b c8 ff 15 33 cd 0b 00 83 f8 5c 75 0d
0x00007ffe37f7f892:   48 8d 54 24 40 48 8b cb e8 1a 18 05 00 48 8d 54
0x00007ffe37f7f8a2:   24 20 48 8b cb e8 31 18 05 00 48 8b d3 48 8b cf
0x00007ffe37f7f8b2:   e8 de 17 05 00 48 8b 8c 24 a0 00 00 00 48 33 cc
0x00007ffe37f7f8c2:   e8 09 25 05 00 48 8b 9c 24 c8 00 00 00 48 81 c4
0x00007ffe37f7f8d2:   b0 00 00 00 5f c3 40 53 48 83 ec 20 48 8b d9 ff
0x00007ffe37f7f8e2:   15 71 d2 0b 00 48 85 c0 75 0a 48 8b 4b 48 ff 15
0x00007ffe37f7f8f2:   5a d2 0b 00 48 83 c4 20 5b c3 4c 63 c2 48 8b 15
0x00007ffe37f7f902:   42 b6 0b 00 48 ff 25 eb d0 0b 00 cc cc cc 48 8b
0x00007ffe37f7f912:   d1 48 8b 0d 16 e6 0b 00 48 89 15 0f e6 0b 00 e9
0x00007ffe37f7f922:   e2 64 04 00 cc cc 48 89 5c 24 08 57 48 83 ec 20
0x00007ffe37f7f932:   83 7a 58 00 48 8b da 48 8b f9 7d 08 48 8b ca e8
0x00007ffe37f7f942:   36 96 01 00 4c 8b 43 48 45 33 c9 48 8b 4f 48 4d
0x00007ffe37f7f952:   8b 00 41 8d 51 30 ff 15 62 d3 0b 00 48 8b 4f 48
0x00007ffe37f7f962:   33 d2 44 8d 42 01 48 8b 5c 24 30 48 83 c4 20 5f
0x00007ffe37f7f972:   48 ff 25 ff d1 0b 00 cc cc cc 48 8b c4 48 89 58
0x00007ffe37f7f982:   08 48 89 68 10 48 89 70 18 48 89 78 20 41 56 48
0x00007ffe37f7f992:   83 ec 20 4c 8b f2 48 8b f9 48 8b 0d 56 04 0c 00
0x00007ffe37f7f9a2:   ba 02 00 01 00 41 8b e8 e8 2c 23 05 00 48 8b 97
0x00007ffe37f7f9b2:   c0 00 00 00 33 db 48 8b f0 48 85 d2 74 0d 4c 8b
0x00007ffe37f7f9c2:   08 48 8b c8 41 ff 91 b0 00 00 00 4d 85 f6 74 14
0x00007ffe37f7f9d2:   48 8b 06 49 8b d6 48 8b ce ff 90 a8 00 00 00 48
0x00007ffe37f7f9e2:   8b d8 eb 05 bd 01 00 00 00 48 89 9f c0 00 00 00
0x00007ffe37f7f9f2:   89 af c8 00 00 00 48 8b 5c 24 30 48 8b 6c 24 38
0x00007ffe37f7fa02:   48 8b 74 24 40 48 8b 7c 24 48 48 83 c4 20 41 5e
0x00007ffe37f7fa12:   c3 cc 48 89 5c 24 08 48 89 6c 24 10 48 89 74 24
0x00007ffe37f7fa22:   18 57 48 83 ec 20 33 db 48 8b f9 48 85 c9 75 09 


Stack slot to memory mapping:
stack at sp + 0 slots: 0x000001c2990cc7b0 points into unknown readable memory: 0x000001c298cdcaf0 | f0 ca cd 98 c2 01 00 00
stack at sp + 1 slots: 0x000001c29945ee40 points into unknown readable memory: 0x00007ffe37ffb6c0 | c0 b6 ff 37 fe 7f 00 00
stack at sp + 2 slots: 0x000001c2990cc7b0 points into unknown readable memory: 0x000001c298cdcaf0 | f0 ca cd 98 c2 01 00 00
stack at sp + 3 slots: 0x000001c29945ee40 points into unknown readable memory: 0x00007ffe37ffb6c0 | c0 b6 ff 37 fe 7f 00 00
stack at sp + 4 slots: 0x000001c298cdcaf8 is a global jni handle
stack at sp + 5 slots: 0x00007ffe37f84851 awt.dll
stack at sp + 6 slots: 0x000001c2f5e3f188 points into unknown readable memory: 0x00007ffe31d8afb0 | b0 af d8 31 fe 7f 00 00
stack at sp + 7 slots: 0x000001c2f5e3f188 points into unknown readable memory: 0x00007ffe31d8afb0 | b0 af d8 31 fe 7f 00 00


---------------  P R O C E S S  ---------------

Threads class SMR info:
_java_thread_list=0x000001c298d13370, length=16, elements={
0x000001c2f5e3ee60, 0x000001c2975cf820, 0x000001c2975d0300, 0x000001c2975ee370,
0x000001c2975f1040, 0x000001c2975f1900, 0x000001c2975f25f0, 0x000001c297603880,
0x000001c297618280, 0x000001c297f39b50, 0x000001c297f3a4d0, 0x000001c298166e80,
0x000001c298167510, 0x000001c2981b7290, 0x000001c298cde4f0, 0x000001c2990e7bc0
}

Java Threads: ( => current thread )
=>0x000001c2f5e3ee60 JavaThread "main" [_thread_in_native, id=27480, stack(0x0000008237e00000,0x0000008237f00000)]
  0x000001c2975cf820 JavaThread "Reference Handler" daemon [_thread_blocked, id=18644, stack(0x0000008238500000,0x0000008238600000)]
  0x000001c2975d0300 JavaThread "Finalizer" daemon [_thread_blocked, id=11924, stack(0x0000008238600000,0x0000008238700000)]
  0x000001c2975ee370 JavaThread "Signal Dispatcher" daemon [_thread_blocked, id=26272, stack(0x0000008238700000,0x0000008238800000)]
  0x000001c2975f1040 JavaThread "Attach Listener" daemon [_thread_blocked, id=27792, stack(0x0000008238800000,0x0000008238900000)]
  0x000001c2975f1900 JavaThread "Service Thread" daemon [_thread_blocked, id=7976, stack(0x0000008238900000,0x0000008238a00000)]
  0x000001c2975f25f0 JavaThread "C2 CompilerThread0" daemon [_thread_blocked, id=1648, stack(0x0000008238a00000,0x0000008238b00000)]
  0x000001c297603880 JavaThread "C1 CompilerThread0" daemon [_thread_blocked, id=24124, stack(0x0000008238b00000,0x0000008238c00000)]
  0x000001c297618280 JavaThread "Sweeper thread" daemon [_thread_blocked, id=24436, stack(0x0000008238c00000,0x0000008238d00000)]
  0x000001c297f39b50 JavaThread "Notification Thread" daemon [_thread_blocked, id=18336, stack(0x0000008238d00000,0x0000008238e00000)]
  0x000001c297f3a4d0 JavaThread "Common-Cleaner" daemon [_thread_blocked, id=16980, stack(0x0000008238f00000,0x0000008239000000)]
  0x000001c298166e80 JavaThread "Java2D Disposer" daemon [_thread_blocked, id=21416, stack(0x0000008239000000,0x0000008239100000)]
  0x000001c298167510 JavaThread "AWT-Shutdown" [_thread_blocked, id=28388, stack(0x0000008239100000,0x0000008239200000)]
  0x000001c2981b7290 JavaThread "AWT-Windows" daemon [_thread_in_native, id=23568, stack(0x0000008239200000,0x0000008239300000)]
  0x000001c298cde4f0 JavaThread "C2 CompilerThread1" daemon [_thread_blocked, id=15552, stack(0x0000008239300000,0x0000008239400000)]
  0x000001c2990e7bc0 JavaThread "AWT-EventQueue-0" [_thread_blocked, id=26296, stack(0x0000008239400000,0x0000008239500000)]

Other Threads:
  0x000001c2975cc080 VMThread "VM Thread" [stack: 0x0000008238400000,0x0000008238500000] [id=20016]
  0x000001c297f3a020 WatcherThread [stack: 0x0000008238e00000,0x0000008238f00000] [id=25828]
  0x000001c2f5e7efb0 GCTaskThread "GC Thread#0" [stack: 0x0000008237f00000,0x0000008238000000] [id=18896]
  0x000001c2f5e927b0 ConcurrentGCThread "G1 Main Marker" [stack: 0x0000008238000000,0x0000008238100000] [id=16600]
  0x000001c2f5e93330 ConcurrentGCThread "G1 Conc#0" [stack: 0x0000008238100000,0x0000008238200000] [id=10492]
  0x000001c2f5f0e750 ConcurrentGCThread "G1 Refine#0" [stack: 0x0000008238200000,0x0000008238300000] [id=11996]
  0x000001c2974423e0 ConcurrentGCThread "G1 Young RemSet Sampling" [stack: 0x0000008238300000,0x0000008238400000] [id=18228]

Threads with active compile tasks:

VM state: not at safepoint (normal execution)

VM Mutex/Monitor currently owned by a thread: None

Heap address: 0x0000000081200000, size: 2030 MB, Compressed Oops mode: 32-bit
CDS archive(s) mapped at: [0x0000000800000000-0x0000000800b50000-0x0000000800b50000), size 11862016, SharedBaseAddress: 0x0000000800000000, ArchiveRelocationMode: 0.
Compressed class space mapped at: 0x0000000800b50000-0x0000000840b50000, size: 1073741824
Narrow klass base: 0x0000000800000000, Narrow klass shift: 3, Narrow klass range: 0x100000000

GC Precious Log:
 CPUs: 8 total, 8 available
 Memory: 8118M
 Large Page Support: Disabled
 NUMA Support: Disabled
 Compressed Oops: Enabled (32-bit)
 Heap Region Size: 1M
 Heap Min Capacity: 8M
 Heap Initial Capacity: 128M
 Heap Max Capacity: 2030M
 Pre-touch: Disabled
 Parallel Workers: 8
 Concurrent Workers: 2
 Concurrent Refinement Workers: 8
 Periodic GC: Disabled

Heap:
 garbage-first heap   total 131072K, used 7168K [0x0000000081200000, 0x0000000100000000)
  region size 1024K, 8 young (8192K), 0 survivors (0K)
 Metaspace       used 7738K, capacity 7964K, committed 8192K, reserved 1056768K
  class space    used 904K, capacity 962K, committed 1024K, reserved 1048576K

Heap Regions: E=young(eden), S=young(survivor), O=old, HS=humongous(starts), HC=humongous(continues), CS=collection set, F=free, OA=open archive, CA=closed archive, TAMS=top-at-mark-start (previous, next)
|   0|0x0000000081200000, 0x0000000081200000, 0x0000000081300000|  0%| F|  |TAMS 0x0000000081200000, 0x0000000081200000| Untracked 
|   1|0x0000000081300000, 0x0000000081300000, 0x0000000081400000|  0%| F|  |TAMS 0x0000000081300000, 0x0000000081300000| Untracked 
|   2|0x0000000081400000, 0x0000000081400000, 0x0000000081500000|  0%| F|  |TAMS 0x0000000081400000, 0x0000000081400000| Untracked 
|   3|0x0000000081500000, 0x0000000081500000, 0x0000000081600000|  0%| F|  |TAMS 0x0000000081500000, 0x0000000081500000| Untracked 
|   4|0x0000000081600000, 0x0000000081600000, 0x0000000081700000|  0%| F|  |TAMS 0x0000000081600000, 0x0000000081600000| Untracked 
|   5|0x0000000081700000, 0x0000000081700000, 0x0000000081800000|  0%| F|  |TAMS 0x0000000081700000, 0x0000000081700000| Untracked 
|   6|0x0000000081800000, 0x0000000081800000, 0x0000000081900000|  0%| F|  |TAMS 0x0000000081800000, 0x0000000081800000| Untracked 
|   7|0x0000000081900000, 0x0000000081900000, 0x0000000081a00000|  0%| F|  |TAMS 0x0000000081900000, 0x0000000081900000| Untracked 
|   8|0x0000000081a00000, 0x0000000081a00000, 0x0000000081b00000|  0%| F|  |TAMS 0x0000000081a00000, 0x0000000081a00000| Untracked 
|   9|0x0000000081b00000, 0x0000000081b00000, 0x0000000081c00000|  0%| F|  |TAMS 0x0000000081b00000, 0x0000000081b00000| Untracked 
|  10|0x0000000081c00000, 0x0000000081c00000, 0x0000000081d00000|  0%| F|  |TAMS 0x0000000081c00000, 0x0000000081c00000| Untracked 
|  11|0x0000000081d00000, 0x0000000081d00000, 0x0000000081e00000|  0%| F|  |TAMS 0x0000000081d00000, 0x0000000081d00000| Untracked 
|  12|0x0000000081e00000, 0x0000000081e00000, 0x0000000081f00000|  0%| F|  |TAMS 0x0000000081e00000, 0x0000000081e00000| Untracked 
|  13|0x0000000081f00000, 0x0000000081f00000, 0x0000000082000000|  0%| F|  |TAMS 0x0000000081f00000, 0x0000000081f00000| Untracked 
|  14|0x0000000082000000, 0x0000000082000000, 0x0000000082100000|  0%| F|  |TAMS 0x0000000082000000, 0x0000000082000000| Untracked 
|  15|0x0000000082100000, 0x0000000082100000, 0x0000000082200000|  0%| F|  |TAMS 0x0000000082100000, 0x0000000082100000| Untracked 
|  16|0x0000000082200000, 0x0000000082200000, 0x0000000082300000|  0%| F|  |TAMS 0x0000000082200000, 0x0000000082200000| Untracked 
|  17|0x0000000082300000, 0x0000000082300000, 0x0000000082400000|  0%| F|  |TAMS 0x0000000082300000, 0x0000000082300000| Untracked 
|  18|0x0000000082400000, 0x0000000082400000, 0x0000000082500000|  0%| F|  |TAMS 0x0000000082400000, 0x0000000082400000| Untracked 
|  19|0x0000000082500000, 0x0000000082500000, 0x0000000082600000|  0%| F|  |TAMS 0x0000000082500000, 0x0000000082500000| Untracked 
|  20|0x0000000082600000, 0x0000000082600000, 0x0000000082700000|  0%| F|  |TAMS 0x0000000082600000, 0x0000000082600000| Untracked 
|  21|0x0000000082700000, 0x0000000082700000, 0x0000000082800000|  0%| F|  |TAMS 0x0000000082700000, 0x0000000082700000| Untracked 
|  22|0x0000000082800000, 0x0000000082800000, 0x0000000082900000|  0%| F|  |TAMS 0x0000000082800000, 0x0000000082800000| Untracked 
|  23|0x0000000082900000, 0x0000000082900000, 0x0000000082a00000|  0%| F|  |TAMS 0x0000000082900000, 0x0000000082900000| Untracked 
|  24|0x0000000082a00000, 0x0000000082a00000, 0x0000000082b00000|  0%| F|  |TAMS 0x0000000082a00000, 0x0000000082a00000| Untracked 
|  25|0x0000000082b00000, 0x0000000082b00000, 0x0000000082c00000|  0%| F|  |TAMS 0x0000000082b00000, 0x0000000082b00000| Untracked 
|  26|0x0000000082c00000, 0x0000000082c00000, 0x0000000082d00000|  0%| F|  |TAMS 0x0000000082c00000, 0x0000000082c00000| Untracked 
|  27|0x0000000082d00000, 0x0000000082d00000, 0x0000000082e00000|  0%| F|  |TAMS 0x0000000082d00000, 0x0000000082d00000| Untracked 
|  28|0x0000000082e00000, 0x0000000082e00000, 0x0000000082f00000|  0%| F|  |TAMS 0x0000000082e00000, 0x0000000082e00000| Untracked 
|  29|0x0000000082f00000, 0x0000000082f00000, 0x0000000083000000|  0%| F|  |TAMS 0x0000000082f00000, 0x0000000082f00000| Untracked 
|  30|0x0000000083000000, 0x0000000083000000, 0x0000000083100000|  0%| F|  |TAMS 0x0000000083000000, 0x0000000083000000| Untracked 
|  31|0x0000000083100000, 0x0000000083100000, 0x0000000083200000|  0%| F|  |TAMS 0x0000000083100000, 0x0000000083100000| Untracked 
|  32|0x0000000083200000, 0x0000000083200000, 0x0000000083300000|  0%| F|  |TAMS 0x0000000083200000, 0x0000000083200000| Untracked 
|  33|0x0000000083300000, 0x0000000083300000, 0x0000000083400000|  0%| F|  |TAMS 0x0000000083300000, 0x0000000083300000| Untracked 
|  34|0x0000000083400000, 0x0000000083400000, 0x0000000083500000|  0%| F|  |TAMS 0x0000000083400000, 0x0000000083400000| Untracked 
|  35|0x0000000083500000, 0x0000000083500000, 0x0000000083600000|  0%| F|  |TAMS 0x0000000083500000, 0x0000000083500000| Untracked 
|  36|0x0000000083600000, 0x0000000083600000, 0x0000000083700000|  0%| F|  |TAMS 0x0000000083600000, 0x0000000083600000| Untracked 
|  37|0x0000000083700000, 0x0000000083700000, 0x0000000083800000|  0%| F|  |TAMS 0x0000000083700000, 0x0000000083700000| Untracked 
|  38|0x0000000083800000, 0x0000000083800000, 0x0000000083900000|  0%| F|  |TAMS 0x0000000083800000, 0x0000000083800000| Untracked 
|  39|0x0000000083900000, 0x0000000083900000, 0x0000000083a00000|  0%| F|  |TAMS 0x0000000083900000, 0x0000000083900000| Untracked 
|  40|0x0000000083a00000, 0x0000000083a00000, 0x0000000083b00000|  0%| F|  |TAMS 0x0000000083a00000, 0x0000000083a00000| Untracked 
|  41|0x0000000083b00000, 0x0000000083b00000, 0x0000000083c00000|  0%| F|  |TAMS 0x0000000083b00000, 0x0000000083b00000| Untracked 
|  42|0x0000000083c00000, 0x0000000083c00000, 0x0000000083d00000|  0%| F|  |TAMS 0x0000000083c00000, 0x0000000083c00000| Untracked 
|  43|0x0000000083d00000, 0x0000000083d00000, 0x0000000083e00000|  0%| F|  |TAMS 0x0000000083d00000, 0x0000000083d00000| Untracked 
|  44|0x0000000083e00000, 0x0000000083e00000, 0x0000000083f00000|  0%| F|  |TAMS 0x0000000083e00000, 0x0000000083e00000| Untracked 
|  45|0x0000000083f00000, 0x0000000083f00000, 0x0000000084000000|  0%| F|  |TAMS 0x0000000083f00000, 0x0000000083f00000| Untracked 
|  46|0x0000000084000000, 0x0000000084000000, 0x0000000084100000|  0%| F|  |TAMS 0x0000000084000000, 0x0000000084000000| Untracked 
|  47|0x0000000084100000, 0x0000000084100000, 0x0000000084200000|  0%| F|  |TAMS 0x0000000084100000, 0x0000000084100000| Untracked 
|  48|0x0000000084200000, 0x0000000084200000, 0x0000000084300000|  0%| F|  |TAMS 0x0000000084200000, 0x0000000084200000| Untracked 
|  49|0x0000000084300000, 0x0000000084300000, 0x0000000084400000|  0%| F|  |TAMS 0x0000000084300000, 0x0000000084300000| Untracked 
|  50|0x0000000084400000, 0x0000000084400000, 0x0000000084500000|  0%| F|  |TAMS 0x0000000084400000, 0x0000000084400000| Untracked 
|  51|0x0000000084500000, 0x0000000084500000, 0x0000000084600000|  0%| F|  |TAMS 0x0000000084500000, 0x0000000084500000| Untracked 
|  52|0x0000000084600000, 0x0000000084600000, 0x0000000084700000|  0%| F|  |TAMS 0x0000000084600000, 0x0000000084600000| Untracked 
|  53|0x0000000084700000, 0x0000000084700000, 0x0000000084800000|  0%| F|  |TAMS 0x0000000084700000, 0x0000000084700000| Untracked 
|  54|0x0000000084800000, 0x0000000084800000, 0x0000000084900000|  0%| F|  |TAMS 0x0000000084800000, 0x0000000084800000| Untracked 
|  55|0x0000000084900000, 0x0000000084900000, 0x0000000084a00000|  0%| F|  |TAMS 0x0000000084900000, 0x0000000084900000| Untracked 
|  56|0x0000000084a00000, 0x0000000084a00000, 0x0000000084b00000|  0%| F|  |TAMS 0x0000000084a00000, 0x0000000084a00000| Untracked 
|  57|0x0000000084b00000, 0x0000000084b00000, 0x0000000084c00000|  0%| F|  |TAMS 0x0000000084b00000, 0x0000000084b00000| Untracked 
|  58|0x0000000084c00000, 0x0000000084c00000, 0x0000000084d00000|  0%| F|  |TAMS 0x0000000084c00000, 0x0000000084c00000| Untracked 
|  59|0x0000000084d00000, 0x0000000084d00000, 0x0000000084e00000|  0%| F|  |TAMS 0x0000000084d00000, 0x0000000084d00000| Untracked 
|  60|0x0000000084e00000, 0x0000000084e00000, 0x0000000084f00000|  0%| F|  |TAMS 0x0000000084e00000, 0x0000000084e00000| Untracked 
|  61|0x0000000084f00000, 0x0000000084f00000, 0x0000000085000000|  0%| F|  |TAMS 0x0000000084f00000, 0x0000000084f00000| Untracked 
|  62|0x0000000085000000, 0x0000000085000000, 0x0000000085100000|  0%| F|  |TAMS 0x0000000085000000, 0x0000000085000000| Untracked 
|  63|0x0000000085100000, 0x0000000085100000, 0x0000000085200000|  0%| F|  |TAMS 0x0000000085100000, 0x0000000085100000| Untracked 
|  64|0x0000000085200000, 0x0000000085200000, 0x0000000085300000|  0%| F|  |TAMS 0x0000000085200000, 0x0000000085200000| Untracked 
|  65|0x0000000085300000, 0x0000000085300000, 0x0000000085400000|  0%| F|  |TAMS 0x0000000085300000, 0x0000000085300000| Untracked 
|  66|0x0000000085400000, 0x0000000085400000, 0x0000000085500000|  0%| F|  |TAMS 0x0000000085400000, 0x0000000085400000| Untracked 
|  67|0x0000000085500000, 0x0000000085500000, 0x0000000085600000|  0%| F|  |TAMS 0x0000000085500000, 0x0000000085500000| Untracked 
|  68|0x0000000085600000, 0x0000000085600000, 0x0000000085700000|  0%| F|  |TAMS 0x0000000085600000, 0x0000000085600000| Untracked 
|  69|0x0000000085700000, 0x0000000085700000, 0x0000000085800000|  0%| F|  |TAMS 0x0000000085700000, 0x0000000085700000| Untracked 
|  70|0x0000000085800000, 0x0000000085800000, 0x0000000085900000|  0%| F|  |TAMS 0x0000000085800000, 0x0000000085800000| Untracked 
|  71|0x0000000085900000, 0x0000000085900000, 0x0000000085a00000|  0%| F|  |TAMS 0x0000000085900000, 0x0000000085900000| Untracked 
|  72|0x0000000085a00000, 0x0000000085a00000, 0x0000000085b00000|  0%| F|  |TAMS 0x0000000085a00000, 0x0000000085a00000| Untracked 
|  73|0x0000000085b00000, 0x0000000085b00000, 0x0000000085c00000|  0%| F|  |TAMS 0x0000000085b00000, 0x0000000085b00000| Untracked 
|  74|0x0000000085c00000, 0x0000000085c00000, 0x0000000085d00000|  0%| F|  |TAMS 0x0000000085c00000, 0x0000000085c00000| Untracked 
|  75|0x0000000085d00000, 0x0000000085d00000, 0x0000000085e00000|  0%| F|  |TAMS 0x0000000085d00000, 0x0000000085d00000| Untracked 
|  76|0x0000000085e00000, 0x0000000085e00000, 0x0000000085f00000|  0%| F|  |TAMS 0x0000000085e00000, 0x0000000085e00000| Untracked 
|  77|0x0000000085f00000, 0x0000000085f00000, 0x0000000086000000|  0%| F|  |TAMS 0x0000000085f00000, 0x0000000085f00000| Untracked 
|  78|0x0000000086000000, 0x0000000086000000, 0x0000000086100000|  0%| F|  |TAMS 0x0000000086000000, 0x0000000086000000| Untracked 
|  79|0x0000000086100000, 0x0000000086100000, 0x0000000086200000|  0%| F|  |TAMS 0x0000000086100000, 0x0000000086100000| Untracked 
|  80|0x0000000086200000, 0x0000000086200000, 0x0000000086300000|  0%| F|  |TAMS 0x0000000086200000, 0x0000000086200000| Untracked 
|  81|0x0000000086300000, 0x0000000086300000, 0x0000000086400000|  0%| F|  |TAMS 0x0000000086300000, 0x0000000086300000| Untracked 
|  82|0x0000000086400000, 0x0000000086400000, 0x0000000086500000|  0%| F|  |TAMS 0x0000000086400000, 0x0000000086400000| Untracked 
|  83|0x0000000086500000, 0x0000000086500000, 0x0000000086600000|  0%| F|  |TAMS 0x0000000086500000, 0x0000000086500000| Untracked 
|  84|0x0000000086600000, 0x0000000086600000, 0x0000000086700000|  0%| F|  |TAMS 0x0000000086600000, 0x0000000086600000| Untracked 
|  85|0x0000000086700000, 0x0000000086700000, 0x0000000086800000|  0%| F|  |TAMS 0x0000000086700000, 0x0000000086700000| Untracked 
|  86|0x0000000086800000, 0x0000000086800000, 0x0000000086900000|  0%| F|  |TAMS 0x0000000086800000, 0x0000000086800000| Untracked 
|  87|0x0000000086900000, 0x0000000086900000, 0x0000000086a00000|  0%| F|  |TAMS 0x0000000086900000, 0x0000000086900000| Untracked 
|  88|0x0000000086a00000, 0x0000000086a00000, 0x0000000086b00000|  0%| F|  |TAMS 0x0000000086a00000, 0x0000000086a00000| Untracked 
|  89|0x0000000086b00000, 0x0000000086b00000, 0x0000000086c00000|  0%| F|  |TAMS 0x0000000086b00000, 0x0000000086b00000| Untracked 
|  90|0x0000000086c00000, 0x0000000086c00000, 0x0000000086d00000|  0%| F|  |TAMS 0x0000000086c00000, 0x0000000086c00000| Untracked 
|  91|0x0000000086d00000, 0x0000000086d00000, 0x0000000086e00000|  0%| F|  |TAMS 0x0000000086d00000, 0x0000000086d00000| Untracked 
|  92|0x0000000086e00000, 0x0000000086e00000, 0x0000000086f00000|  0%| F|  |TAMS 0x0000000086e00000, 0x0000000086e00000| Untracked 
|  93|0x0000000086f00000, 0x0000000086f00000, 0x0000000087000000|  0%| F|  |TAMS 0x0000000086f00000, 0x0000000086f00000| Untracked 
|  94|0x0000000087000000, 0x0000000087000000, 0x0000000087100000|  0%| F|  |TAMS 0x0000000087000000, 0x0000000087000000| Untracked 
|  95|0x0000000087100000, 0x0000000087100000, 0x0000000087200000|  0%| F|  |TAMS 0x0000000087100000, 0x0000000087100000| Untracked 
|  96|0x0000000087200000, 0x0000000087200000, 0x0000000087300000|  0%| F|  |TAMS 0x0000000087200000, 0x0000000087200000| Untracked 
|  97|0x0000000087300000, 0x0000000087300000, 0x0000000087400000|  0%| F|  |TAMS 0x0000000087300000, 0x0000000087300000| Untracked 
|  98|0x0000000087400000, 0x0000000087400000, 0x0000000087500000|  0%| F|  |TAMS 0x0000000087400000, 0x0000000087400000| Untracked 
|  99|0x0000000087500000, 0x0000000087500000, 0x0000000087600000|  0%| F|  |TAMS 0x0000000087500000, 0x0000000087500000| Untracked 
| 100|0x0000000087600000, 0x0000000087600000, 0x0000000087700000|  0%| F|  |TAMS 0x0000000087600000, 0x0000000087600000| Untracked 
| 101|0x0000000087700000, 0x0000000087700000, 0x0000000087800000|  0%| F|  |TAMS 0x0000000087700000, 0x0000000087700000| Untracked 
| 102|0x0000000087800000, 0x0000000087800000, 0x0000000087900000|  0%| F|  |TAMS 0x0000000087800000, 0x0000000087800000| Untracked 
| 103|0x0000000087900000, 0x0000000087900000, 0x0000000087a00000|  0%| F|  |TAMS 0x0000000087900000, 0x0000000087900000| Untracked 
| 104|0x0000000087a00000, 0x0000000087a00000, 0x0000000087b00000|  0%| F|  |TAMS 0x0000000087a00000, 0x0000000087a00000| Untracked 
| 105|0x0000000087b00000, 0x0000000087b00000, 0x0000000087c00000|  0%| F|  |TAMS 0x0000000087b00000, 0x0000000087b00000| Untracked 
| 106|0x0000000087c00000, 0x0000000087c00000, 0x0000000087d00000|  0%| F|  |TAMS 0x0000000087c00000, 0x0000000087c00000| Untracked 
| 107|0x0000000087d00000, 0x0000000087d00000, 0x0000000087e00000|  0%| F|  |TAMS 0x0000000087d00000, 0x0000000087d00000| Untracked 
| 108|0x0000000087e00000, 0x0000000087e00000, 0x0000000087f00000|  0%| F|  |TAMS 0x0000000087e00000, 0x0000000087e00000| Untracked 
| 109|0x0000000087f00000, 0x0000000087f00000, 0x0000000088000000|  0%| F|  |TAMS 0x0000000087f00000, 0x0000000087f00000| Untracked 
| 110|0x0000000088000000, 0x0000000088000000, 0x0000000088100000|  0%| F|  |TAMS 0x0000000088000000, 0x0000000088000000| Untracked 
| 111|0x0000000088100000, 0x0000000088100000, 0x0000000088200000|  0%| F|  |TAMS 0x0000000088100000, 0x0000000088100000| Untracked 
| 112|0x0000000088200000, 0x0000000088200000, 0x0000000088300000|  0%| F|  |TAMS 0x0000000088200000, 0x0000000088200000| Untracked 
| 113|0x0000000088300000, 0x0000000088300000, 0x0000000088400000|  0%| F|  |TAMS 0x0000000088300000, 0x0000000088300000| Untracked 
| 114|0x0000000088400000, 0x0000000088400000, 0x0000000088500000|  0%| F|  |TAMS 0x0000000088400000, 0x0000000088400000| Untracked 
| 115|0x0000000088500000, 0x0000000088500000, 0x0000000088600000|  0%| F|  |TAMS 0x0000000088500000, 0x0000000088500000| Untracked 
| 116|0x0000000088600000, 0x0000000088600000, 0x0000000088700000|  0%| F|  |TAMS 0x0000000088600000, 0x0000000088600000| Untracked 
| 117|0x0000000088700000, 0x0000000088700000, 0x0000000088800000|  0%| F|  |TAMS 0x0000000088700000, 0x0000000088700000| Untracked 
| 118|0x0000000088800000, 0x0000000088800000, 0x0000000088900000|  0%| F|  |TAMS 0x0000000088800000, 0x0000000088800000| Untracked 
| 119|0x0000000088900000, 0x0000000088900000, 0x0000000088a00000|  0%| F|  |TAMS 0x0000000088900000, 0x0000000088900000| Untracked 
| 120|0x0000000088a00000, 0x0000000088a764b0, 0x0000000088b00000| 46%| E|  |TAMS 0x0000000088a00000, 0x0000000088a00000| Complete 
| 121|0x0000000088b00000, 0x0000000088c00000, 0x0000000088c00000|100%| E|CS|TAMS 0x0000000088b00000, 0x0000000088b00000| Complete 
| 122|0x0000000088c00000, 0x0000000088d00000, 0x0000000088d00000|100%| E|CS|TAMS 0x0000000088c00000, 0x0000000088c00000| Complete 
| 123|0x0000000088d00000, 0x0000000088e00000, 0x0000000088e00000|100%| E|CS|TAMS 0x0000000088d00000, 0x0000000088d00000| Complete 
| 124|0x0000000088e00000, 0x0000000088f00000, 0x0000000088f00000|100%| E|CS|TAMS 0x0000000088e00000, 0x0000000088e00000| Complete 
| 125|0x0000000088f00000, 0x0000000089000000, 0x0000000089000000|100%| E|CS|TAMS 0x0000000088f00000, 0x0000000088f00000| Complete 
| 126|0x0000000089000000, 0x0000000089100000, 0x0000000089100000|100%| E|CS|TAMS 0x0000000089000000, 0x0000000089000000| Complete 
| 127|0x0000000089100000, 0x0000000089200000, 0x0000000089200000|100%| E|CS|TAMS 0x0000000089100000, 0x0000000089100000| Complete 

Card table byte_map: [0x000001c2f8e10000,0x000001c2f9210000] _byte_map_base: 0x000001c2f8a07000

Marking Bits (Prev, Next): (CMBitMap*) 0x000001c2f5e81750, (CMBitMap*) 0x000001c2f5e81790
 Prev Bits: [0x000001c2f9610000, 0x000001c2fb5c8000)
 Next Bits: [0x000001c2fb5d0000, 0x000001c2fd588000)

Polling page: 0x000001c2f5cf0000

Metaspace:

Usage:
  Non-class:      6.84 MB capacity,     6.67 MB ( 98%) used,   158.13 KB (  2%) free+waste,    10.50 KB ( <1%) overhead. 
      Class:    962.00 KB capacity,   904.78 KB ( 94%) used,    52.47 KB (  5%) free+waste,     4.75 KB ( <1%) overhead. 
       Both:      7.78 MB capacity,     7.56 MB ( 97%) used,   210.59 KB (  3%) free+waste,    15.25 KB ( <1%) overhead. 

Virtual space:
  Non-class space:        8.00 MB reserved,       7.00 MB ( 88%) committed 
      Class space:        1.00 GB reserved,       1.00 MB ( <1%) committed 
             Both:        1.01 GB reserved,       8.00 MB ( <1%) committed 

Chunk freelists:
   Non-Class:  38.00 KB
       Class:  0 bytes
        Both:  38.00 KB

MaxMetaspaceSize: 17179869184.00 GB
CompressedClassSpaceSize: 1.00 GB

CodeHeap 'non-profiled nmethods': size=120000Kb used=239Kb max_used=239Kb free=119760Kb
 bounds [0x000001c28ff00000, 0x000001c290170000, 0x000001c297430000]
CodeHeap 'profiled nmethods': size=120000Kb used=1274Kb max_used=1274Kb free=118725Kb
 bounds [0x000001c2889d0000, 0x000001c288c40000, 0x000001c28ff00000]
CodeHeap 'non-nmethods': size=5760Kb used=1259Kb max_used=1275Kb free=4500Kb
 bounds [0x000001c288430000, 0x000001c2886a0000, 0x000001c2889d0000]
 total_blobs=1339 nmethods=794 adapters=458
 compilation: enabled
              stopped_count=0, restarted_count=0
 full_count=0

Compilation events (20 events):
Event: 0.782 Thread 0x000001c297603880 nmethod 783 0x000001c288b07690 code [0x000001c288b07840, 0x000001c288b07ad8]
Event: 0.782 Thread 0x000001c297603880  784       3       java.util.ArrayList$Itr::<init> (26 bytes)
Event: 0.782 Thread 0x000001c297603880 nmethod 784 0x000001c288b07c10 code [0x000001c288b07dc0, 0x000001c288b07f98]
Event: 0.783 Thread 0x000001c297603880  785       3       java.lang.invoke.LambdaForm::useCount (90 bytes)
Event: 0.783 Thread 0x000001c2975f25f0  787       4       java.lang.String::substring (58 bytes)
Event: 0.784 Thread 0x000001c297603880 nmethod 785 0x000001c288b08090 code [0x000001c288b08260, 0x000001c288b08618]
Event: 0.784 Thread 0x000001c297603880  786       3       java.lang.invoke.LambdaForm::lastUseIndex (76 bytes)
Event: 0.784 Thread 0x000001c297603880 nmethod 786 0x000001c288b08810 code [0x000001c288b089c0, 0x000001c288b08cc8]
Event: 0.784 Thread 0x000001c297603880  788       3       jdk.internal.org.objectweb.asm.MethodWriter::<init> (232 bytes)
Event: 0.785 Thread 0x000001c297603880 nmethod 788 0x000001c288b08e90 code [0x000001c288b09120, 0x000001c288b09eb8]
Event: 0.785 Thread 0x000001c297603880  789       3       jdk.internal.org.objectweb.asm.MethodVisitor::<init> (7 bytes)
Event: 0.785 Thread 0x000001c297603880 nmethod 789 0x000001c288b0a390 code [0x000001c288b0a540, 0x000001c288b0a668]
Event: 0.785 Thread 0x000001c297603880  790       3       jdk.internal.org.objectweb.asm.MethodWriter::visitEnd (1 bytes)
Event: 0.785 Thread 0x000001c297603880 nmethod 790 0x000001c288b0a710 code [0x000001c288b0a8a0, 0x000001c288b0a998]
Event: 0.785 Thread 0x000001c297603880  791       3       jdk.internal.org.objectweb.asm.MethodWriter::computeMethodInfoSize (571 bytes)
Event: 0.786 Thread 0x000001c297603880 nmethod 791 0x000001c288b0aa10 code [0x000001c288b0ad40, 0x000001c288b0bc48]
Event: 0.786 Thread 0x000001c297603880  792       3       java.lang.invoke.LambdaFormBuffer::changeName (149 bytes)
Event: 0.787 Thread 0x000001c297603880 nmethod 792 0x000001c288b0c310 code [0x000001c288b0c4e0, 0x000001c288b0ca28]
Event: 0.787 Thread 0x000001c297603880  793   !   3       java.lang.invoke.MemberName::getFieldType (177 bytes)
Event: 0.787 Thread 0x000001c297603880 nmethod 793 0x000001c288b0cc10 code [0x000001c288b0cf40, 0x000001c288b0e498]

GC Heap History (0 events):
No events

Deoptimization events (16 events):
Event: 0.071 Thread 0x000001c2f5e3ee60 Uncommon trap: trap_request=0xffffff45 fr.pc=0x000001c28ff044c0 relative=0x0000000000000220
Event: 0.071 Thread 0x000001c2f5e3ee60 Uncommon trap: reason=unstable_if action=reinterpret pc=0x000001c28ff044c0 method=java.lang.String.hashCode()I @ 13 c2
Event: 0.071 Thread 0x000001c2f5e3ee60 DEOPT PACKING pc=0x000001c28ff044c0 sp=0x0000008237efe3f0
Event: 0.072 Thread 0x000001c2f5e3ee60 DEOPT UNPACKING pc=0x000001c28847e42f sp=0x0000008237efe380 mode 2
Event: 0.526 Thread 0x000001c2f5e3ee60 Uncommon trap: trap_request=0xffffff45 fr.pc=0x000001c28ff09a28 relative=0x0000000000000188
Event: 0.526 Thread 0x000001c2f5e3ee60 Uncommon trap: reason=unstable_if action=reinterpret pc=0x000001c28ff09a28 method=java.lang.String.equals(Ljava/lang/Object;)Z @ 33 c2
Event: 0.526 Thread 0x000001c2f5e3ee60 DEOPT PACKING pc=0x000001c28ff09a28 sp=0x0000008237eff360
Event: 0.526 Thread 0x000001c2f5e3ee60 DEOPT UNPACKING pc=0x000001c28847e42f sp=0x0000008237eff300 mode 2
Event: 0.652 Thread 0x000001c2f5e3ee60 Uncommon trap: trap_request=0xffffff45 fr.pc=0x000001c28ff2b67c relative=0x000000000000097c
Event: 0.652 Thread 0x000001c2f5e3ee60 Uncommon trap: reason=unstable_if action=reinterpret pc=0x000001c28ff2b67c method=java.util.HashMap.putVal(ILjava/lang/Object;Ljava/lang/Object;ZZ)Ljava/lang/Object; @ 181 c2
Event: 0.652 Thread 0x000001c2f5e3ee60 DEOPT PACKING pc=0x000001c28ff2b67c sp=0x0000008237efd4e0
Event: 0.652 Thread 0x000001c2f5e3ee60 DEOPT UNPACKING pc=0x000001c28847e42f sp=0x0000008237efd480 mode 2
Event: 0.653 Thread 0x000001c2f5e3ee60 Uncommon trap: trap_request=0xffffff45 fr.pc=0x000001c28ff2d140 relative=0x0000000000000200
Event: 0.653 Thread 0x000001c2f5e3ee60 Uncommon trap: reason=unstable_if action=reinterpret pc=0x000001c28ff2d140 method=java.util.StringTokenizer.scanToken(I)I @ 42 c2
Event: 0.653 Thread 0x000001c2f5e3ee60 DEOPT PACKING pc=0x000001c28ff2d140 sp=0x0000008237efd6a0
Event: 0.653 Thread 0x000001c2f5e3ee60 DEOPT UNPACKING pc=0x000001c28847e42f sp=0x0000008237efd630 mode 2

Classes unloaded (0 events):
No events

Classes redefined (0 events):
No events

Internal exceptions (13 events):
Event: 0.203 Thread 0x000001c2f5e3ee60 Exception <a 'java/lang/NoSuchMethodError'{0x0000000088f41f28}: 'void java.lang.invoke.DirectMethodHandle$Holder.invokeSpecial(java.lang.Object, java.lang.Object, java.lang.Object)'> (0x0000000088f41f28) 
thrown [./src/hotspot/share/interpreter/linkResolver.cpp, line 782]
Event: 0.222 Thread 0x000001c2f5e3ee60 Exception <a 'java/lang/ClassNotFoundException'{0x0000000088f560c8}: sun/awt/resources/spi/awtProvider> (0x0000000088f560c8) 
thrown [./src/hotspot/share/classfile/systemDictionary.cpp, line 295]
Event: 0.263 Thread 0x000001c2f5e3ee60 Exception <a 'java/io/FileNotFoundException'{0x0000000088fa9928}> (0x0000000088fa9928) 
thrown [./src/hotspot/share/prims/jni.cpp, line 578]
Event: 0.284 Thread 0x000001c2f5e3ee60 Exception <a 'java/io/FileNotFoundException'{0x0000000088fd8478}> (0x0000000088fd8478) 
thrown [./src/hotspot/share/prims/jni.cpp, line 578]
Event: 0.285 Thread 0x000001c2f5e3ee60 Exception <a 'java/lang/NoSuchMethodError'{0x0000000088fd97f0}: 'java.lang.Object java.lang.invoke.DirectMethodHandle$Holder.invokeStatic(java.lang.Object)'> (0x0000000088fd97f0) 
thrown [./src/hotspot/share/interpreter/linkResolver.cpp, line 782]
Event: 0.353 Thread 0x000001c2f5e3ee60 Exception <a 'java/lang/NoSuchMethodError'{0x0000000088e20388}: 'java.lang.Object java.lang.invoke.DirectMethodHandle$Holder.invokeStaticInit(java.lang.Object)'> (0x0000000088e20388) 
thrown [./src/hotspot/share/interpreter/linkResolver.cpp, line 782]
Event: 0.428 Thread 0x000001c2f5e3ee60 Exception <a 'java/lang/NoSuchMethodError'{0x0000000088d19140}: 'java.lang.Object java.lang.invoke.DirectMethodHandle$Holder.newInvokeSpecial(java.lang.Object, java.lang.Object, java.lang.Object, java.lang.Object, java.lang.Object)'> (0x0000000088d19140) 
thrown [./src/hotspot/share/interpreter/linkResolver.cpp, line 782]
Event: 0.430 Thread 0x000001c2f5e3ee60 Exception <a 'java/lang/NoSuchMethodError'{0x0000000088d24bd0}: 'java.lang.Object java.lang.invoke.DirectMethodHandle$Holder.invokeStatic(java.lang.Object, int, java.lang.Object, java.lang.Object, java.lang.Object, java.lang.Object)'> (0x0000000088d24bd0) 
thrown [./src/hotspot/share/interpreter/linkResolver.cpp, line 782]
Event: 0.452 Thread 0x000001c2f5e3ee60 Exception <a 'java/lang/NoSuchMethodError'{0x0000000088d4ae78}: 'java.lang.Object java.lang.invoke.DirectMethodHandle$Holder.invokeStatic(java.lang.Object, int, java.lang.Object)'> (0x0000000088d4ae78) 
thrown [./src/hotspot/share/interpreter/linkResolver.cpp, line 782]
Event: 0.504 Thread 0x000001c2f5e3ee60 Exception <a 'java/lang/ClassNotFoundException'{0x0000000088c081b8}: com/sun/swing/internal/plaf/metal/resources/spi/metalProvider> (0x0000000088c081b8) 
thrown [./src/hotspot/share/classfile/systemDictionary.cpp, line 295]
Event: 0.507 Thread 0x000001c2f5e3ee60 Exception <a 'java/lang/ClassNotFoundException'{0x0000000088c0cfb0}: com/sun/swing/internal/plaf/basic/resources/spi/basicProvider> (0x0000000088c0cfb0) 
thrown [./src/hotspot/share/classfile/systemDictionary.cpp, line 295]
Event: 0.637 Thread 0x000001c2f5e3ee60 Exception <a 'java/io/FileNotFoundException'{0x0000000088cea7f8}> (0x0000000088cea7f8) 
thrown [./src/hotspot/share/prims/jni.cpp, line 578]
Event: 0.777 Thread 0x000001c2f5e3ee60 Exception <a 'java/lang/NoSuchMethodError'{0x0000000088a22e30}: 'void java.lang.invoke.DirectMethodHandle$Holder.invokeStaticInit(java.lang.Object)'> (0x0000000088a22e30) 
thrown [./src/hotspot/share/interpreter/linkResolver.cpp, line 782]

Events (20 events):
Event: 0.778 loading class javax/swing/RepaintManager$2$1
Event: 0.778 loading class javax/swing/RepaintManager$2$1 done
Event: 0.779 loading class sun/awt/FontConfiguration$2
Event: 0.779 loading class sun/awt/FontConfiguration$2 done
Event: 0.779 loading class sun/awt/windows/WDefaultFontCharset
Event: 0.780 loading class sun/awt/AWTCharset
Event: 0.780 loading class sun/awt/AWTCharset done
Event: 0.780 loading class sun/awt/windows/WDefaultFontCharset done
Event: 0.780 loading class sun/awt/windows/WDefaultFontCharset$Encoder
Event: 0.780 loading class sun/awt/AWTCharset$Encoder
Event: 0.780 loading class sun/awt/AWTCharset$Encoder done
Event: 0.780 loading class sun/awt/windows/WDefaultFontCharset$Encoder done
Event: 0.781 loading class sun/awt/windows/WingDings
Event: 0.781 loading class sun/awt/windows/WingDings done
Event: 0.781 loading class sun/awt/windows/WingDings$Encoder
Event: 0.781 loading class sun/awt/windows/WingDings$Encoder done
Event: 0.781 loading class sun/awt/Symbol
Event: 0.781 loading class sun/awt/Symbol done
Event: 0.781 loading class sun/awt/Symbol$Encoder
Event: 0.781 loading class sun/awt/Symbol$Encoder done


Dynamic libraries:
0x00007ff613d60000 - 0x00007ff613d6d000 	C:\Program Files\AdoptOpenJDK\jdk-15.0.0.36-hotspot\bin\javaw.exe
0x00007ffe75500000 - 0x00007ffe756f0000 	C:\WINDOWS\SYSTEM32\ntdll.dll
0x00007ffe75330000 - 0x00007ffe753e2000 	C:\WINDOWS\System32\KERNEL32.DLL
0x00007ffe729d0000 - 0x00007ffe72c75000 	C:\WINDOWS\System32\KERNELBASE.dll
0x00007ffe34f90000 - 0x00007ffe35060000 	C:\Program Files\ÉXÅ[ÉpÅ[ÉZÉLÉÖÉäÉeÉB\ÉXÅ[ÉpÅ[ÉZÉLÉÖÉäÉeÉB\atcuf\264782510524081193\atcuf64.dll
0x00007ffe72750000 - 0x00007ffe7284a000 	C:\WINDOWS\System32\ucrtbase.dll
0x00007ffe5fc00000 - 0x00007ffe5fc18000 	C:\Program Files\AdoptOpenJDK\jdk-15.0.0.36-hotspot\bin\jli.dll
0x00007ffe743b0000 - 0x00007ffe74544000 	C:\WINDOWS\System32\USER32.dll
0x00007ffe72980000 - 0x00007ffe729a1000 	C:\WINDOWS\System32\win32u.dll
0x00007ffe75290000 - 0x00007ffe752b6000 	C:\WINDOWS\System32\GDI32.dll
0x00007ffe72470000 - 0x00007ffe72606000 	C:\WINDOWS\System32\gdi32full.dll
0x00007ffe728b0000 - 0x00007ffe7294e000 	C:\WINDOWS\System32\msvcp_win.dll
0x00007ffe69d70000 - 0x00007ffe69d85000 	C:\Program Files\AdoptOpenJDK\jdk-15.0.0.36-hotspot\bin\VCRUNTIME140.dll
0x00007ffe540c0000 - 0x00007ffe54344000 	C:\WINDOWS\WinSxS\amd64_microsoft.windows.common-controls_6595b64144ccf1df_6.0.18362.1256_none_9e7e379be45e40e2\COMCTL32.dll
0x00007ffe74300000 - 0x00007ffe7439e000 	C:\WINDOWS\System32\msvcrt.dll
0x00007ffe735b0000 - 0x00007ffe738e6000 	C:\WINDOWS\System32\combase.dll
0x00007ffe74110000 - 0x00007ffe74230000 	C:\WINDOWS\System32\RPCRT4.dll
0x00007ffe72610000 - 0x00007ffe72691000 	C:\WINDOWS\System32\bcryptPrimitives.dll
0x00007ffe74550000 - 0x00007ffe7457e000 	C:\WINDOWS\System32\IMM32.DLL
0x00007ffe4ecd0000 - 0x00007ffe4ed6b000 	C:\Program Files\AdoptOpenJDK\jdk-15.0.0.36-hotspot\bin\msvcp140.dll
0x00007ffe31370000 - 0x00007ffe31ef4000 	C:\Program Files\AdoptOpenJDK\jdk-15.0.0.36-hotspot\bin\server\jvm.dll
0x00007ffe73b00000 - 0x00007ffe73ba3000 	C:\WINDOWS\System32\ADVAPI32.dll
0x00007ffe738f0000 - 0x00007ffe73987000 	C:\WINDOWS\System32\sechost.dll
0x00007ffe743a0000 - 0x00007ffe743a8000 	C:\WINDOWS\System32\PSAPI.DLL
0x00007ffe54350000 - 0x00007ffe54359000 	C:\WINDOWS\SYSTEM32\WSOCK32.dll
0x00007ffe74040000 - 0x00007ffe740af000 	C:\WINDOWS\System32\WS2_32.dll
0x00007ffe70000000 - 0x00007ffe70024000 	C:\WINDOWS\SYSTEM32\WINMM.dll
0x00007ffe6d580000 - 0x00007ffe6d58a000 	C:\WINDOWS\SYSTEM32\VERSION.dll
0x00007ffe6ffd0000 - 0x00007ffe6fffd000 	C:\WINDOWS\SYSTEM32\WINMMBASE.dll
0x00007ffe73560000 - 0x00007ffe735aa000 	C:\WINDOWS\System32\cfgmgr32.dll
0x00007ffe723b0000 - 0x00007ffe723c1000 	C:\WINDOWS\System32\kernel.appcore.dll
0x00007ffe6dd80000 - 0x00007ffe6dd8a000 	C:\Program Files\AdoptOpenJDK\jdk-15.0.0.36-hotspot\bin\jimage.dll
0x00007ffe70d60000 - 0x00007ffe70f54000 	C:\WINDOWS\SYSTEM32\DBGHELP.DLL
0x00007ffe670e0000 - 0x00007ffe6710a000 	C:\WINDOWS\SYSTEM32\dbgcore.DLL
0x00007ffe57420000 - 0x00007ffe57445000 	C:\Program Files\AdoptOpenJDK\jdk-15.0.0.36-hotspot\bin\java.dll
0x00007ffe74730000 - 0x00007ffe74e17000 	C:\WINDOWS\System32\SHELL32.dll
0x00007ffe73f70000 - 0x00007ffe74019000 	C:\WINDOWS\System32\shcore.dll
0x00007ffe72c80000 - 0x00007ffe73401000 	C:\WINDOWS\System32\windows.storage.dll
0x00007ffe723d0000 - 0x00007ffe723f3000 	C:\WINDOWS\System32\profapi.dll
0x00007ffe72420000 - 0x00007ffe7246a000 	C:\WINDOWS\System32\powrprof.dll
0x00007ffe723a0000 - 0x00007ffe723b0000 	C:\WINDOWS\System32\UMPDC.dll
0x00007ffe75460000 - 0x00007ffe754b2000 	C:\WINDOWS\System32\shlwapi.dll
0x00007ffe729b0000 - 0x00007ffe729c7000 	C:\WINDOWS\System32\cryptsp.dll
0x00007ffe5dfd0000 - 0x00007ffe5dfe8000 	C:\Program Files\AdoptOpenJDK\jdk-15.0.0.36-hotspot\bin\zip.dll
0x00007ffe37ef0000 - 0x00007ffe38088000 	C:\Program Files\AdoptOpenJDK\jdk-15.0.0.36-hotspot\bin\awt.dll
0x00007ffe73d60000 - 0x00007ffe73e25000 	C:\WINDOWS\System32\OLEAUT32.dll
0x00007ffe70270000 - 0x00007ffe702ff000 	C:\WINDOWS\SYSTEM32\apphelp.dll
0x00007ffe70840000 - 0x00007ffe7086d000 	C:\WINDOWS\system32\DWMAPI.DLL
0x00007ffe70410000 - 0x00007ffe704a9000 	C:\WINDOWS\system32\uxtheme.dll
0x00007ffe462e0000 - 0x00007ffe46436000 	C:\WINDOWS\system32\opengl32.dll
0x00007ffe46260000 - 0x00007ffe4628c000 	C:\WINDOWS\SYSTEM32\GLU32.dll
0x00007ffe70fe0000 - 0x00007ffe71000000 	C:\WINDOWS\SYSTEM32\dxcore.dll
0x00007ffe73e30000 - 0x00007ffe73f65000 	C:\WINDOWS\System32\MSCTF.dll
0x00007ffe73990000 - 0x00007ffe73ae7000 	C:\WINDOWS\System32\ole32.dll
0x00007ffe39a20000 - 0x00007ffe39aa2000 	C:\Program Files\AdoptOpenJDK\jdk-15.0.0.36-hotspot\bin\freetype.dll
0x00007ffe39660000 - 0x00007ffe39706000 	C:\Program Files\AdoptOpenJDK\jdk-15.0.0.36-hotspot\bin\fontmanager.dll
0x00007ffe53b80000 - 0x00007ffe53b99000 	C:\Program Files\AdoptOpenJDK\jdk-15.0.0.36-hotspot\bin\net.dll
0x00007ffe66870000 - 0x00007ffe66960000 	C:\WINDOWS\SYSTEM32\WINHTTP.dll
0x00007ffe71b90000 - 0x00007ffe71bf7000 	C:\WINDOWS\system32\mswsock.dll
0x00007ffe53b60000 - 0x00007ffe53b72000 	C:\Program Files\AdoptOpenJDK\jdk-15.0.0.36-hotspot\bin\nio.dll

dbghelp: loaded successfully - version: 4.0.5 - missing functions: none
symbol engine: initialized successfully - sym options: 0x614 - pdb path: .;C:\Program Files\AdoptOpenJDK\jdk-15.0.0.36-hotspot\bin;C:\WINDOWS\SYSTEM32;C:\Program Files\ÉXÅ[ÉpÅ[ÉZÉLÉÖÉäÉeÉB\ÉXÅ[ÉpÅ[ÉZÉLÉÖÉäÉeÉB\atcuf\264782510524081193;C:\WINDOWS\WinSxS\amd64_microsoft.windows.common-controls_6595b64144ccf1df_6.0.18362.1256_none_9e7e379be45e40e2;C:\Program Files\AdoptOpenJDK\jdk-15.0.0.3;C:\Program Files\AdoptOpenJDK\jdk-15.0.0.3;C:\Program Files\AdoptOpenJDK\jdk-15.0.0.3;C:\Program Files\AdoptOpenJDK\jdk-15.0.0.3;C:\Program Files\AdoptOpenJDK\jdk-15.0.0.3;C:\Program Files\AdoptOpenJDK\jdk-15.0.0.3;C:\Program Files\AdoptOpenJDK\jdk-15.0.0.3;C:\Program Files\AdoptOpenJDK\jdk-15.0.0.3;C:\Program Files\AdoptOpenJDK\jdk-15.0.0.3

VM Arguments:
jvm_args: -Dfile.encoding=UTF-8 -XX:+ShowCodeDetailsInExceptionMessages 
java_command: Clock
java_class_path (initial): C:\Users\user\git\MOMOKKUalarm_new_2\Timer\bin
Launcher Type: SUN_STANDARD

[Global flags]
     intx CICompilerCount                          = 4                                         {product} {ergonomic}
     uint ConcGCThreads                            = 2                                         {product} {ergonomic}
     uint G1ConcRefinementThreads                  = 8                                         {product} {ergonomic}
   size_t G1HeapRegionSize                         = 1048576                                   {product} {ergonomic}
    uintx GCDrainStackTargetSize                   = 64                                        {product} {ergonomic}
   size_t InitialHeapSize                          = 134217728                                 {product} {ergonomic}
   size_t MarkStackSize                            = 4194304                                   {product} {ergonomic}
   size_t MaxHeapSize                              = 2128609280                                {product} {ergonomic}
   size_t MaxNewSize                               = 1277165568                                {product} {ergonomic}
   size_t MinHeapDeltaBytes                        = 1048576                                   {product} {ergonomic}
   size_t MinHeapSize                              = 8388608                                   {product} {ergonomic}
    uintx NonNMethodCodeHeapSize                   = 5839372                                {pd product} {ergonomic}
    uintx NonProfiledCodeHeapSize                  = 122909434                              {pd product} {ergonomic}
    uintx ProfiledCodeHeapSize                     = 122909434                              {pd product} {ergonomic}
    uintx ReservedCodeCacheSize                    = 251658240                              {pd product} {ergonomic}
     bool SegmentedCodeCache                       = true                                      {product} {ergonomic}
     bool ShowCodeDetailsInExceptionMessages       = true                                   {manageable} {command line}
   size_t SoftMaxHeapSize                          = 2128609280                             {manageable} {ergonomic}
     bool UseCompressedClassPointers               = true                                 {lp64_product} {ergonomic}
     bool UseCompressedOops                        = true                                 {lp64_product} {ergonomic}
     bool UseG1GC                                  = true                                      {product} {ergonomic}
     bool UseLargePagesIndividualAllocation        = false                                  {pd product} {ergonomic}

Logging:
Log output configuration:
 #0: stdout all=warning uptime,level,tags
 #1: stderr all=off uptime,level,tags

Environment Variables:
PATH=C:/Program Files/AdoptOpenJDK/jdk-15.0.0.36-hotspot/bin/server;C:/Program Files/AdoptOpenJDK/jdk-15.0.0.36-hotspot/bin;C:\Program Files\AdoptOpenJDK\jdk-15.0.0.36-hotspot\bin;C:\Program Files (x86)\Common Files\Oracle\Java\javapath;C:\WINDOWS\system32;C:\WINDOWS;C:\WINDOWS\System32\Wbem;C:\WINDOWS\System32\WindowsPowerShell\v1.0\;C:\WINDOWS\System32\OpenSSH\;C:\Program Files\Intel\WiFi\bin\;C:\Program Files\Common Files\Intel\WirelessCommon\;C:\Program Files\dotnet\;C:\HashiCorp\Vagrant\bin;C:\Program Files\Git\cmd;C:\java\derby\bin;C:\Program Files (x86)\Common Files\Oracle\Java\javapath;C:\WINDOWS\system32;C:\WINDOWS;C:\WINDOWS\System32\Wbem;C:\WINDOWS\System32\WindowsPowerShell\v1.0\;C:\WINDOWS\System32\OpenSSH\;C:\Program Files\Intel\WiFi\bin\;C:\Program Files\Common Files\Intel\WirelessCommon\;C:\Program Files\dotnet\;C:\Python\Python3;C:\Python\Python3\Library\mingw-w64\bin;C:\Python\Python3\Library\usr\bin;C:\Python\Python3\Library\bin;C:\Python\Python3\Scripts;C:\Users\user\AppData\Local\Microsoft\WindowsApps;C:\MinGW\bin;C:\Users\user\AppData\Local\Microsoft\WindowsApps;C:\Users\user\AppData\Local\Programs\Microsoft VS Code\bin;C:\Java\eclipse;
USERNAME=user
OS=Windows_NT
PROCESSOR_IDENTIFIER=Intel64 Family 6 Model 142 Stepping 10, GenuineIntel



---------------  S Y S T E M  ---------------

OS:
 Windows 10 , 64 bit Build 18362 (10.0.18362.1110)
OS uptime: 12 days 7:48 hours

CPU: total 8 (initial active 8) (4 cores per cpu, 2 threads per core) family 6 model 142 stepping 10, cmov, cx8, fxsr, mmx, sse, sse2, sse3, ssse3, sse4.1, sse4.2, popcnt, vzeroupper, avx, avx2, aes, clmul, erms, 3dnowpref, lzcnt, ht, tsc, tscinvbit, bmi1, bmi2, adx, fma, clflush, clflushopt

Memory: 4k page, system-wide physical 8118M (1437M free)
TotalPageFile size 17049M (AvailPageFile size 3861M)
current process WorkingSet (physical memory assigned to process): 61M, peak: 61M
current process commit charge ("private bytes"): 229M, peak: 229M

vm_info: OpenJDK 64-Bit Server VM (15+36) for windows-amd64 JRE (15+36), built on Sep 15 2020 15:48:07 by "" with MS VC++ 15.9 (VS2017)

END.
